<?xml version="1.0" encoding="UTF-8"?>
<robot generator="Robot 3.1.2 (Python 3.7.2 on win32)" generated="20230514 16:14:53.811" rpa="false">
<suite id="s1" name="Automation-Demo" source="C:\Users\Antec\eclipse-workspace\Automation-Demo">
<suite id="s1-s1" name="AdminDemo" source="C:\Users\Antec\eclipse-workspace\Automation-Demo\AdminDemo.robot">
<kw name="Set Locators From Json" type="setup">
<arguments>
<arg>AdminElements.json</arg>
</arguments>
<kw name="Get File" library="OperatingSystem">
<doc>Returns the contents of a specified file.</doc>
<arguments>
<arg>C:\\Users\\Antec\\eclipse-workspace\\Automation-Demo${/}Files${/}${pJsonFile}</arg>
</arguments>
<assign>
<var>${readJson}</var>
</assign>
<msg timestamp="20230514 16:14:54.704" level="INFO" html="yes">Getting file '&lt;a href="file://C:\Users\Antec\eclipse-workspace\Automation-Demo\Files\AdminElements.json"&gt;C:\Users\Antec\eclipse-workspace\Automation-Demo\Files\AdminElements.json&lt;/a&gt;'.</msg>
<msg timestamp="20230514 16:14:54.705" level="INFO">${readJson} = {
 	"Username": "id=inputTextUsername",
    "Password": "id=inputTextPassword",
    "Login": "id=buttonLogin",
    "StatusPage": "id=theForm:toolbarTitleWrap",
    "UserMenu": "id=theForm:userMenu",
 ...</msg>
<status status="PASS" starttime="20230514 16:14:54.704" endtime="20230514 16:14:54.705"></status>
</kw>
<kw name="Evaluate" library="BuiltIn">
<doc>Evaluates the given expression in Python and returns the results.</doc>
<arguments>
<arg>json.loads('''${readJson}''')</arg>
<arg>json</arg>
</arguments>
<assign>
<var>${AdminElement}</var>
</assign>
<msg timestamp="20230514 16:14:54.706" level="INFO">${AdminElement} = {'Username': 'id=inputTextUsername', 'Password': 'id=inputTextPassword', 'Login': 'id=buttonLogin', 'StatusPage': 'id=theForm:toolbarTitleWrap', 'UserMenu': 'id=theForm:userMenu', 'Logout': "//span[co...</msg>
<status status="PASS" starttime="20230514 16:14:54.706" endtime="20230514 16:14:54.707"></status>
</kw>
<kw name="Set Suite Variable" library="BuiltIn">
<doc>Makes a variable available everywhere within the scope of the current suite.</doc>
<arguments>
<arg>${AdminElement}</arg>
</arguments>
<msg timestamp="20230514 16:14:54.708" level="INFO">${AdminElement} = {'Username': 'id=inputTextUsername', 'Password': 'id=inputTextPassword', 'Login': 'id=buttonLogin', 'StatusPage': 'id=theForm:toolbarTitleWrap', 'UserMenu': 'id=theForm:userMenu', 'Logout': "//span[co...</msg>
<status status="PASS" starttime="20230514 16:14:54.707" endtime="20230514 16:14:54.708"></status>
</kw>
<status status="PASS" starttime="20230514 16:14:54.702" endtime="20230514 16:14:54.709"></status>
</kw>
<test id="s1-s1-t1" name="Login_with_valid_credentials">
<kw name="Open JMap Admin" type="setup">
<arguments>
<arg>${URLAdmin}</arg>
</arguments>
<kw name="Run Keyword If" library="BuiltIn">
<doc>Runs the given keyword with the given arguments, if ``condition`` is true.</doc>
<arguments>
<arg>'${BROWSER}'=='Chrome'</arg>
<arg>Open Chrome</arg>
</arguments>
<kw name="Open Chrome">
<kw name="Evaluate" library="BuiltIn">
<doc>Evaluates the given expression in Python and returns the results.</doc>
<arguments>
<arg>selenium.webdriver.ChromeOptions()</arg>
<arg>modules=selenium, selenium.webdriver</arg>
</arguments>
<assign>
<var>${chrome options}</var>
</assign>
<msg timestamp="20230514 16:14:54.713" level="INFO">${chrome options} = &lt;selenium.webdriver.chrome.options.Options object at 0x042F4F30&gt;</msg>
<status status="PASS" starttime="20230514 16:14:54.712" endtime="20230514 16:14:54.713"></status>
</kw>
<kw name="Call Method" library="BuiltIn">
<doc>Calls the named method of the given object with the provided arguments.</doc>
<arguments>
<arg>${chrome_options}</arg>
<arg>add_argument</arg>
<arg>--no-sandbox</arg>
</arguments>
<status status="PASS" starttime="20230514 16:14:54.713" endtime="20230514 16:14:54.714"></status>
</kw>
<kw name="Call Method" library="BuiltIn">
<doc>Calls the named method of the given object with the provided arguments.</doc>
<arguments>
<arg>${chrome_options}</arg>
<arg>add_argument</arg>
<arg>disable-gpu</arg>
</arguments>
<status status="PASS" starttime="20230514 16:14:54.715" endtime="20230514 16:14:54.715"></status>
</kw>
<kw name="Call Method" library="BuiltIn">
<doc>Calls the named method of the given object with the provided arguments.</doc>
<arguments>
<arg>${chrome_options}</arg>
<arg>add_argument</arg>
<arg>--ignore-certificate-errors</arg>
</arguments>
<status status="PASS" starttime="20230514 16:14:54.716" endtime="20230514 16:14:54.716"></status>
</kw>
<kw name="Call Method" library="BuiltIn">
<doc>Calls the named method of the given object with the provided arguments.</doc>
<arguments>
<arg>${chrome_options}</arg>
<arg>to_capabilities</arg>
</arguments>
<assign>
<var>${var}</var>
</assign>
<msg timestamp="20230514 16:14:54.717" level="INFO">${var} = {'browserName': 'chrome', 'version': '', 'platform': 'ANY', 'goog:chromeOptions': {'extensions': [], 'args': ['--no-sandbox', 'disable-gpu', '--ignore-certificate-errors']}}</msg>
<status status="PASS" starttime="20230514 16:14:54.716" endtime="20230514 16:14:54.717"></status>
</kw>
<kw name="Create Webdriver" library="SeleniumLibrary">
<doc>Creates an instance of Selenium WebDriver.</doc>
<arguments>
<arg>driver_name=Chrome</arg>
<arg>alias=google</arg>
<arg>chrome_options=${chrome_options}</arg>
</arguments>
<msg timestamp="20230514 16:14:54.718" level="INFO">Creating an instance of the Chrome WebDriver.</msg>
<status status="PASS" starttime="20230514 16:14:54.717" endtime="20230514 16:15:01.754"></status>
</kw>
<kw name="Go To" library="SeleniumLibrary">
<doc>Navigates the active browser instance to the provided ``url``.</doc>
<arguments>
<arg>${URLAdmin}</arg>
</arguments>
<msg timestamp="20230514 16:15:01.756" level="INFO">Opening url 'http://54.39.78.142:8080'</msg>
<status status="PASS" starttime="20230514 16:15:01.755" endtime="20230514 16:15:06.743"></status>
</kw>
<kw name="Maximize Browser Window" library="SeleniumLibrary">
<doc>Maximizes current browser window.</doc>
<status status="PASS" starttime="20230514 16:15:06.745" endtime="20230514 16:15:06.860"></status>
</kw>
<status status="PASS" starttime="20230514 16:14:54.711" endtime="20230514 16:15:06.860"></status>
</kw>
<status status="PASS" starttime="20230514 16:14:54.711" endtime="20230514 16:15:06.861"></status>
</kw>
<status status="PASS" starttime="20230514 16:14:54.710" endtime="20230514 16:15:06.861"></status>
</kw>
<kw name="Login With Creddentials">
<arguments>
<arg>${USERNAME}</arg>
<arg>${PASSWORD}</arg>
</arguments>
<kw name="Log" library="BuiltIn">
<doc>Logs the given message with the given level.</doc>
<arguments>
<arg>${AdminElement["Username"]}</arg>
</arguments>
<msg timestamp="20230514 16:15:06.863" level="INFO">id=inputTextUsername</msg>
<status status="PASS" starttime="20230514 16:15:06.862" endtime="20230514 16:15:06.863"></status>
</kw>
<kw name="Wait Until Element Is Visible" library="SeleniumLibrary">
<doc>Waits until element ``locator`` is visible.</doc>
<arguments>
<arg>//div[contains(@class, 'BigTopic')]</arg>
</arguments>
<status status="PASS" starttime="20230514 16:15:06.864" endtime="20230514 16:15:06.915"></status>
</kw>
<kw name="Get Text" library="SeleniumLibrary">
<doc>Returns the text value of element identified by ``locator``.</doc>
<arguments>
<arg>//div[contains(@class, 'BigTopic')]</arg>
</arguments>
<assign>
<var>${serverName}</var>
</assign>
<msg timestamp="20230514 16:15:06.955" level="INFO">${serverName} = Sidekick Server Istanbul</msg>
<status status="PASS" starttime="20230514 16:15:06.915" endtime="20230514 16:15:06.955"></status>
</kw>
<kw name="Log" library="BuiltIn">
<doc>Logs the given message with the given level.</doc>
<arguments>
<arg>\n-----&gt; Server Name: ${serverName}</arg>
<arg>console=yes</arg>
</arguments>
<msg timestamp="20230514 16:15:06.957" level="INFO">
-----&gt; Server Name: Sidekick Server Istanbul</msg>
<status status="PASS" starttime="20230514 16:15:06.956" endtime="20230514 16:15:06.958"></status>
</kw>
<kw name="Wait Until Element Is Visible" library="SeleniumLibrary">
<doc>Waits until element ``locator`` is visible.</doc>
<arguments>
<arg>${AdminElement["Username"]}</arg>
<arg>7s</arg>
</arguments>
<status status="PASS" starttime="20230514 16:15:06.958" endtime="20230514 16:15:06.998"></status>
</kw>
<kw name="Input Text" library="SeleniumLibrary">
<doc>Types the given ``text`` into text field identified by ``locator``.</doc>
<arguments>
<arg>${AdminElement["Username"]}</arg>
<arg>${pUSERNAME}</arg>
</arguments>
<msg timestamp="20230514 16:15:06.999" level="INFO">Typing text 'demo' into text field 'id=inputTextUsername'.</msg>
<status status="PASS" starttime="20230514 16:15:06.998" endtime="20230514 16:15:07.105"></status>
</kw>
<kw name="Input Text" library="SeleniumLibrary">
<doc>Types the given ``text`` into text field identified by ``locator``.</doc>
<arguments>
<arg>${AdminElement["Password"]}</arg>
<arg>${pPASSWORD}</arg>
</arguments>
<msg timestamp="20230514 16:15:07.107" level="INFO">Typing text 'demo' into text field 'id=inputTextPassword'.</msg>
<status status="PASS" starttime="20230514 16:15:07.106" endtime="20230514 16:15:07.209"></status>
</kw>
<kw name="Click Button" library="SeleniumLibrary">
<doc>Clicks button identified by ``locator``.</doc>
<arguments>
<arg>${AdminElement["Login"]}</arg>
</arguments>
<msg timestamp="20230514 16:15:07.210" level="INFO">Clicking button 'id=buttonLogin'.</msg>
<status status="PASS" starttime="20230514 16:15:07.209" endtime="20230514 16:15:07.283"></status>
</kw>
<status status="PASS" starttime="20230514 16:15:06.861" endtime="20230514 16:15:07.284"></status>
</kw>
<kw name="Verify That The Initial Page Is">
<arguments>
<arg>Status</arg>
</arguments>
<kw name="Wait Until Element Is Visible" library="SeleniumLibrary">
<doc>Waits until element ``locator`` is visible.</doc>
<arguments>
<arg>${AdminElement["StatusPage"]}</arg>
<arg>7s</arg>
</arguments>
<status status="PASS" starttime="20230514 16:15:07.285" endtime="20230514 16:15:09.928"></status>
</kw>
<kw name="Run Keyword And Continue On Failure" library="BuiltIn">
<doc>Runs the keyword and continues execution even if a failure occurs.</doc>
<arguments>
<arg>Element Should Contain</arg>
<arg>${AdminElement["StatusPage"]}</arg>
<arg>${text}</arg>
</arguments>
<kw name="Element Should Contain" library="SeleniumLibrary">
<doc>Verifies that element ``locator`` contains text ``expected``.</doc>
<arguments>
<arg>${AdminElement["StatusPage"]}</arg>
<arg>${text}</arg>
</arguments>
<msg timestamp="20230514 16:15:09.959" level="INFO">Element 'id=theForm:toolbarTitleWrap' contains text 'Status'.</msg>
<status status="PASS" starttime="20230514 16:15:09.930" endtime="20230514 16:15:09.959"></status>
</kw>
<status status="PASS" starttime="20230514 16:15:09.929" endtime="20230514 16:15:09.959"></status>
</kw>
<kw name="Wait Until Element Is Visible" library="SeleniumLibrary">
<doc>Waits until element ``locator`` is visible.</doc>
<arguments>
<arg>//div[contains(@class, 'toolbarTitleStyle')]</arg>
</arguments>
<status status="PASS" starttime="20230514 16:15:09.960" endtime="20230514 16:15:09.989"></status>
</kw>
<kw name="Get Text" library="SeleniumLibrary">
<doc>Returns the text value of element identified by ``locator``.</doc>
<arguments>
<arg>//div[contains(@class, 'toolbarTitleStyle')]</arg>
</arguments>
<assign>
<var>${toolbarTitle}</var>
</assign>
<msg timestamp="20230514 16:15:10.014" level="INFO">${toolbarTitle} = Status</msg>
<status status="PASS" starttime="20230514 16:15:09.989" endtime="20230514 16:15:10.014"></status>
</kw>
<kw name="Log" library="BuiltIn">
<doc>Logs the given message with the given level.</doc>
<arguments>
<arg>-----&gt; StatusPage: ${toolbarTitle}</arg>
<arg>console=yes</arg>
</arguments>
<msg timestamp="20230514 16:15:10.015" level="INFO">-----&gt; StatusPage: Status</msg>
<status status="PASS" starttime="20230514 16:15:10.015" endtime="20230514 16:15:10.015"></status>
</kw>
<status status="PASS" starttime="20230514 16:15:07.284" endtime="20230514 16:15:10.016"></status>
</kw>
<kw name="Logout From JMap Admin">
<kw name="Wait Until Element Is Visible" library="SeleniumLibrary">
<doc>Waits until element ``locator`` is visible.</doc>
<arguments>
<arg>${AdminElement["UserMenu"]}</arg>
<arg>7s</arg>
</arguments>
<status status="PASS" starttime="20230514 16:15:10.017" endtime="20230514 16:15:10.042"></status>
</kw>
<kw name="Click Element" library="SeleniumLibrary">
<doc>Click element identified by ``locator``.</doc>
<arguments>
<arg>${AdminElement["UserMenu"]}</arg>
</arguments>
<msg timestamp="20230514 16:15:10.043" level="INFO">Clicking element 'id=theForm:userMenu'.</msg>
<status status="PASS" starttime="20230514 16:15:10.042" endtime="20230514 16:15:10.100"></status>
</kw>
<kw name="Wait Until Element Is Visible" library="SeleniumLibrary">
<doc>Waits until element ``locator`` is visible.</doc>
<arguments>
<arg>${AdminElement["Logout"]}</arg>
<arg>7s</arg>
</arguments>
<status status="PASS" starttime="20230514 16:15:10.102" endtime="20230514 16:15:10.133"></status>
</kw>
<kw name="Click Element" library="SeleniumLibrary">
<doc>Click element identified by ``locator``.</doc>
<arguments>
<arg>${AdminElement["Logout"]}</arg>
</arguments>
<msg timestamp="20230514 16:15:10.134" level="INFO">Clicking element '//span[contains(text(),'Logout')]'.</msg>
<status status="PASS" starttime="20230514 16:15:10.133" endtime="20230514 16:15:10.184"></status>
</kw>
<kw name="Wait Until Element Is Visible" library="SeleniumLibrary">
<doc>Waits until element ``locator`` is visible.</doc>
<arguments>
<arg>//div[contains(@class, 'BigTopic')]</arg>
</arguments>
<status status="PASS" starttime="20230514 16:15:10.185" endtime="20230514 16:15:11.456"></status>
</kw>
<kw name="Get Text" library="SeleniumLibrary">
<doc>Returns the text value of element identified by ``locator``.</doc>
<arguments>
<arg>//div[contains(@class, 'BigTopic')]</arg>
</arguments>
<assign>
<var>${serverName}</var>
</assign>
<msg timestamp="20230514 16:15:11.482" level="INFO">${serverName} = Sidekick Server Istanbul</msg>
<status status="PASS" starttime="20230514 16:15:11.457" endtime="20230514 16:15:11.482"></status>
</kw>
<kw name="Log" library="BuiltIn">
<doc>Logs the given message with the given level.</doc>
<arguments>
<arg>\n-----&gt; Server Name: ${serverName}</arg>
<arg>console=yes</arg>
</arguments>
<msg timestamp="20230514 16:15:11.484" level="INFO">
-----&gt; Server Name: Sidekick Server Istanbul</msg>
<status status="PASS" starttime="20230514 16:15:11.483" endtime="20230514 16:15:11.484"></status>
</kw>
<status status="PASS" starttime="20230514 16:15:10.016" endtime="20230514 16:15:11.484"></status>
</kw>
<kw name="Close Browser" library="SeleniumLibrary" type="teardown">
<doc>Closes the current browser.</doc>
<status status="PASS" starttime="20230514 16:15:11.485" endtime="20230514 16:15:13.572"></status>
</kw>
<status status="PASS" starttime="20230514 16:14:54.709" endtime="20230514 16:15:13.572" critical="yes"></status>
</test>
<status status="PASS" starttime="20230514 16:14:53.898" endtime="20230514 16:15:13.573"></status>
</suite>
<status status="PASS" starttime="20230514 16:14:53.860" endtime="20230514 16:15:13.577"></status>
</suite>
<statistics>
<total>
<stat pass="1" fail="0">Critical Tests</stat>
<stat pass="1" fail="0">All Tests</stat>
</total>
<tag>
</tag>
<suite>
<stat pass="1" fail="0" id="s1" name="Automation-Demo">Automation-Demo</stat>
<stat pass="1" fail="0" id="s1-s1" name="AdminDemo">Automation-Demo.AdminDemo</stat>
</suite>
</statistics>
<errors>
</errors>
</robot>
