<?xml version="1.0" encoding="UTF-8"?>
<robot generator="Robot 3.1.2 (Python 3.7.2 on win32)" generated="20230507 11:45:15.142" rpa="false">
<suite id="s1" name="Automation-Demo" source="C:\Users\Antec\eclipse-workspace\Automation-Demo">
<suite id="s1-s1" name="AdminDemo" source="C:\Users\Antec\eclipse-workspace\Automation-Demo\AdminDemo.robot">
<kw name="Set Locators From Json" type="setup">
<arguments>
<arg>AdminElements.json</arg>
</arguments>
<kw name="Get File" library="OperatingSystem">
<doc>Returns the contents of a specified file.</doc>
<arguments>
<arg>C:\\Users\\Antec\\eclipse-workspace\\Automation-Demo${/}Files${/}${pJsonFile}</arg>
</arguments>
<assign>
<var>${readJson}</var>
</assign>
<msg timestamp="20230507 11:45:18.104" level="INFO" html="yes">Getting file '&lt;a href="file://C:\Users\Antec\eclipse-workspace\Automation-Demo\Files\AdminElements.json"&gt;C:\Users\Antec\eclipse-workspace\Automation-Demo\Files\AdminElements.json&lt;/a&gt;'.</msg>
<msg timestamp="20230507 11:45:18.105" level="INFO">${readJson} = {
 	"Username": "id=inputTextUsername",
    "Password": "id=inputTextPassword",
    "Login": "id=buttonLogin",
    "StatusPage": "id=theForm:toolbarTitleWrap",
    "UserMenu": "id=theForm:userMenu",
 ...</msg>
<status status="PASS" starttime="20230507 11:45:18.104" endtime="20230507 11:45:18.105"></status>
</kw>
<kw name="Evaluate" library="BuiltIn">
<doc>Evaluates the given expression in Python and returns the results.</doc>
<arguments>
<arg>json.loads('''${readJson}''')</arg>
<arg>json</arg>
</arguments>
<assign>
<var>${AdminElement}</var>
</assign>
<msg timestamp="20230507 11:45:18.106" level="INFO">${AdminElement} = {'Username': 'id=inputTextUsername', 'Password': 'id=inputTextPassword', 'Login': 'id=buttonLogin', 'StatusPage': 'id=theForm:toolbarTitleWrap', 'UserMenu': 'id=theForm:userMenu', 'Logout': "//span[co...</msg>
<status status="PASS" starttime="20230507 11:45:18.106" endtime="20230507 11:45:18.106"></status>
</kw>
<kw name="Set Suite Variable" library="BuiltIn">
<doc>Makes a variable available everywhere within the scope of the current suite.</doc>
<arguments>
<arg>${AdminElement}</arg>
</arguments>
<msg timestamp="20230507 11:45:18.107" level="INFO">${AdminElement} = {'Username': 'id=inputTextUsername', 'Password': 'id=inputTextPassword', 'Login': 'id=buttonLogin', 'StatusPage': 'id=theForm:toolbarTitleWrap', 'UserMenu': 'id=theForm:userMenu', 'Logout': "//span[co...</msg>
<status status="PASS" starttime="20230507 11:45:18.107" endtime="20230507 11:45:18.108"></status>
</kw>
<status status="PASS" starttime="20230507 11:45:18.102" endtime="20230507 11:45:18.108"></status>
</kw>
<test id="s1-s1-t1" name="Login_with_valid_credentials">
<kw name="Open JMap Admin" type="setup">
<arguments>
<arg>${URLAdmin}</arg>
</arguments>
<kw name="Open Browser" library="SeleniumLibrary">
<doc>Opens a new browser instance to the given ``url``.</doc>
<arguments>
<arg>${url}</arg>
<arg>Chrome</arg>
</arguments>
<msg timestamp="20230507 11:45:18.110" level="INFO">Opening browser 'Chrome' to base url 'http://54.39.78.142:8080'.</msg>
<status status="PASS" starttime="20230507 11:45:18.110" endtime="20230507 11:45:39.341"></status>
</kw>
<kw name="Maximize Browser Window" library="SeleniumLibrary">
<doc>Maximizes current browser window.</doc>
<status status="PASS" starttime="20230507 11:45:39.341" endtime="20230507 11:45:39.461"></status>
</kw>
<status status="PASS" starttime="20230507 11:45:18.109" endtime="20230507 11:45:39.461"></status>
</kw>
<kw name="Login With Creddentials">
<arguments>
<arg>${USERNAME}</arg>
<arg>${PASSWORD}</arg>
</arguments>
<kw name="Log" library="BuiltIn">
<doc>Logs the given message with the given level.</doc>
<arguments>
<arg>${AdminElement["Username"]}</arg>
</arguments>
<msg timestamp="20230507 11:45:39.463" level="INFO">id=inputTextUsername</msg>
<status status="PASS" starttime="20230507 11:45:39.462" endtime="20230507 11:45:39.463"></status>
</kw>
<kw name="Wait Until Element Is Visible" library="SeleniumLibrary">
<doc>Waits until element ``locator`` is visible.</doc>
<arguments>
<arg>${AdminElement["Username"]}</arg>
<arg>7s</arg>
</arguments>
<status status="PASS" starttime="20230507 11:45:39.463" endtime="20230507 11:45:39.498"></status>
</kw>
<kw name="Input Text" library="SeleniumLibrary">
<doc>Types the given ``text`` into text field identified by ``locator``.</doc>
<arguments>
<arg>${AdminElement["Username"]}</arg>
<arg>${pUSERNAME}</arg>
</arguments>
<msg timestamp="20230507 11:45:39.500" level="INFO">Typing text 'demo' into text field 'id=inputTextUsername'.</msg>
<status status="PASS" starttime="20230507 11:45:39.499" endtime="20230507 11:45:39.581"></status>
</kw>
<kw name="Input Text" library="SeleniumLibrary">
<doc>Types the given ``text`` into text field identified by ``locator``.</doc>
<arguments>
<arg>${AdminElement["Password"]}</arg>
<arg>${pPASSWORD}</arg>
</arguments>
<msg timestamp="20230507 11:45:39.582" level="INFO">Typing text 'demo' into text field 'id=inputTextPassword'.</msg>
<status status="PASS" starttime="20230507 11:45:39.582" endtime="20230507 11:45:39.677"></status>
</kw>
<kw name="Click Button" library="SeleniumLibrary">
<doc>Clicks button identified by ``locator``.</doc>
<arguments>
<arg>${AdminElement["Login"]}</arg>
</arguments>
<msg timestamp="20230507 11:45:39.678" level="INFO">Clicking button 'id=buttonLogin'.</msg>
<status status="PASS" starttime="20230507 11:45:39.678" endtime="20230507 11:45:39.752"></status>
</kw>
<status status="PASS" starttime="20230507 11:45:39.462" endtime="20230507 11:45:39.753"></status>
</kw>
<kw name="Verify That The Initial Page Is">
<arguments>
<arg>Status</arg>
</arguments>
<kw name="Wait Until Element Is Visible" library="SeleniumLibrary">
<doc>Waits until element ``locator`` is visible.</doc>
<arguments>
<arg>${AdminElement["StatusPage"]}</arg>
<arg>7s</arg>
</arguments>
<status status="PASS" starttime="20230507 11:45:39.754" endtime="20230507 11:45:41.330"></status>
</kw>
<kw name="Run Keyword And Continue On Failure" library="BuiltIn">
<doc>Runs the keyword and continues execution even if a failure occurs.</doc>
<arguments>
<arg>Element Should Contain</arg>
<arg>${AdminElement["StatusPage"]}</arg>
<arg>${text}</arg>
</arguments>
<kw name="Element Should Contain" library="SeleniumLibrary">
<doc>Verifies that element ``locator`` contains text ``expected``.</doc>
<arguments>
<arg>${AdminElement["StatusPage"]}</arg>
<arg>${text}</arg>
</arguments>
<msg timestamp="20230507 11:45:41.359" level="INFO">Element 'id=theForm:toolbarTitleWrap' contains text 'Status'.</msg>
<status status="PASS" starttime="20230507 11:45:41.331" endtime="20230507 11:45:41.360"></status>
</kw>
<status status="PASS" starttime="20230507 11:45:41.330" endtime="20230507 11:45:41.360"></status>
</kw>
<status status="PASS" starttime="20230507 11:45:39.753" endtime="20230507 11:45:41.360"></status>
</kw>
<kw name="Logout From JMap Admin">
<kw name="Wait Until Element Is Visible" library="SeleniumLibrary">
<doc>Waits until element ``locator`` is visible.</doc>
<arguments>
<arg>${AdminElement["UserMenu"]}</arg>
<arg>7s</arg>
</arguments>
<status status="PASS" starttime="20230507 11:45:41.361" endtime="20230507 11:45:41.386"></status>
</kw>
<kw name="Click Element" library="SeleniumLibrary">
<doc>Click element identified by ``locator``.</doc>
<arguments>
<arg>${AdminElement["UserMenu"]}</arg>
</arguments>
<msg timestamp="20230507 11:45:41.387" level="INFO">Clicking element 'id=theForm:userMenu'.</msg>
<status status="PASS" starttime="20230507 11:45:41.386" endtime="20230507 11:45:41.437"></status>
</kw>
<kw name="Wait Until Element Is Visible" library="SeleniumLibrary">
<doc>Waits until element ``locator`` is visible.</doc>
<arguments>
<arg>${AdminElement["Logout"]}</arg>
<arg>7s</arg>
</arguments>
<status status="PASS" starttime="20230507 11:45:41.438" endtime="20230507 11:45:41.462"></status>
</kw>
<kw name="Click Element" library="SeleniumLibrary">
<doc>Click element identified by ``locator``.</doc>
<arguments>
<arg>${AdminElement["Logout"]}</arg>
</arguments>
<msg timestamp="20230507 11:45:41.464" level="INFO">Clicking element '//span[contains(text(),'Logout')]'.</msg>
<status status="PASS" starttime="20230507 11:45:41.463" endtime="20230507 11:45:41.509"></status>
</kw>
<kw name="Sleep" library="BuiltIn">
<doc>Pauses the test executed for the given time.</doc>
<arguments>
<arg>2s</arg>
</arguments>
<msg timestamp="20230507 11:45:43.510" level="INFO">Slept 2 seconds</msg>
<status status="PASS" starttime="20230507 11:45:41.509" endtime="20230507 11:45:43.510"></status>
</kw>
<kw name="Close Browser" library="SeleniumLibrary">
<doc>Closes the current browser.</doc>
<status status="PASS" starttime="20230507 11:45:43.511" endtime="20230507 11:45:47.690"></status>
</kw>
<status status="PASS" starttime="20230507 11:45:41.361" endtime="20230507 11:45:47.690"></status>
</kw>
<status status="PASS" starttime="20230507 11:45:18.108" endtime="20230507 11:45:47.691" critical="yes"></status>
</test>
<status status="PASS" starttime="20230507 11:45:15.311" endtime="20230507 11:45:47.692"></status>
</suite>
<status status="PASS" starttime="20230507 11:45:15.263" endtime="20230507 11:45:47.695"></status>
</suite>
<statistics>
<total>
<stat pass="1" fail="0">Critical Tests</stat>
<stat pass="1" fail="0">All Tests</stat>
</total>
<tag>
</tag>
<suite>
<stat pass="1" fail="0" id="s1" name="Automation-Demo">Automation-Demo</stat>
<stat pass="1" fail="0" id="s1-s1" name="AdminDemo">Automation-Demo.AdminDemo</stat>
</suite>
</statistics>
<errors>
</errors>
</robot>
