<?xml version="1.0" encoding="UTF-8"?>
<robot generator="Robot 3.1.2 (Python 3.7.2 on win32)" generated="20230507 13:48:24.627" rpa="false">
<suite id="s1" name="Automation-Demo" source="C:\Users\Antec\eclipse-workspace\Automation-Demo">
<suite id="s1-s1" name="AdminDemo" source="C:\Users\Antec\eclipse-workspace\Automation-Demo\AdminDemo.robot">
<test id="s1-s1-t1" name="Test Github actions">
<kw name="Log" library="BuiltIn">
<doc>Logs the given message with the given level.</doc>
<arguments>
<arg>\n-----&gt; Actual ENV: ${ENV}</arg>
<arg>console=yes</arg>
</arguments>
<msg timestamp="20230507 13:48:28.272" level="INFO">
-----&gt; Actual ENV: ta</msg>
<status status="PASS" starttime="20230507 13:48:28.272" endtime="20230507 13:48:28.272"></status>
</kw>
<kw name="Log" library="BuiltIn">
<doc>Logs the given message with the given level.</doc>
<arguments>
<arg>-----&gt; Actual BROWSER: ${BROWSER}</arg>
<arg>console=yes</arg>
</arguments>
<msg timestamp="20230507 13:48:28.272" level="INFO">-----&gt; Actual BROWSER: Chrome</msg>
<status status="PASS" starttime="20230507 13:48:28.272" endtime="20230507 13:48:28.272"></status>
</kw>
<kw name="Log" library="BuiltIn">
<doc>Logs the given message with the given level.</doc>
<arguments>
<arg>-----&gt; Actual LANG: ${LANG}</arg>
<arg>console=yes</arg>
</arguments>
<msg timestamp="20230507 13:48:28.272" level="INFO">-----&gt; Actual LANG: en</msg>
<status status="PASS" starttime="20230507 13:48:28.272" endtime="20230507 13:48:28.272"></status>
</kw>
<status status="PASS" starttime="20230507 13:48:28.272" endtime="20230507 13:48:28.272" critical="yes"></status>
</test>
<status status="PASS" starttime="20230507 13:48:24.817" endtime="20230507 13:48:28.282"></status>
</suite>
<status status="PASS" starttime="20230507 13:48:24.767" endtime="20230507 13:48:28.282"></status>
</suite>
<statistics>
<total>
<stat pass="1" fail="0">Critical Tests</stat>
<stat pass="1" fail="0">All Tests</stat>
</total>
<tag>
</tag>
<suite>
<stat pass="1" fail="0" id="s1" name="Automation-Demo">Automation-Demo</stat>
<stat pass="1" fail="0" id="s1-s1" name="AdminDemo">Automation-Demo.AdminDemo</stat>
</suite>
</statistics>
<errors>
</errors>
</robot>
