<?xml version="1.0" encoding="UTF-8"?>
<robot generator="Robot 3.1.2 (Python 3.7.3 on win32)" generated="20200126 15:33:48.007" rpa="false">
<suite id="s1" name="AdminDemo" source="C:\Users\Corallo\eclipse-workspace\AutomationDemo\AdminDemo.robot">
<kw name="Set Locators From Json" type="setup">
<arguments>
<arg>AdminElements.json</arg>
</arguments>
<kw name="Get File" library="OperatingSystem">
<doc>Returns the contents of a specified file.</doc>
<arguments>
<arg>C:\\Users\\Corallo\\eclipse-workspace\\AutomationDemo${/}Files${/}${pJsonFile}</arg>
</arguments>
<assign>
<var>${readJson}</var>
</assign>
<msg timestamp="20200126 15:33:48.977" level="INFO" html="yes">Getting file '&lt;a href="file://C:\Users\Corallo\eclipse-workspace\AutomationDemo\Files\AdminElements.json"&gt;C:\Users\Corallo\eclipse-workspace\AutomationDemo\Files\AdminElements.json&lt;/a&gt;'.</msg>
<msg timestamp="20200126 15:33:48.978" level="INFO">${readJson} = {
 	"Username": "id=inputTextUsername",
    "Password": "id=inputTextPassword",
    "Login": "id=buttonLogin",
    "StatusPage": "id=theForm:toolbarTitleWrap",
    "UserMenu": "id=theForm:userMenu",
 ...</msg>
<status status="PASS" starttime="20200126 15:33:48.977" endtime="20200126 15:33:48.978"></status>
</kw>
<kw name="Evaluate" library="BuiltIn">
<doc>Evaluates the given expression in Python and returns the results.</doc>
<arguments>
<arg>json.loads('''${readJson}''')</arg>
<arg>json</arg>
</arguments>
<assign>
<var>${AdminElement}</var>
</assign>
<msg timestamp="20200126 15:33:48.979" level="INFO">${AdminElement} = {'Username': 'id=inputTextUsername', 'Password': 'id=inputTextPassword', 'Login': 'id=buttonLogin', 'StatusPage': 'id=theForm:toolbarTitleWrap', 'UserMenu': 'id=theForm:userMenu', 'Logout': "//div[@id...</msg>
<status status="PASS" starttime="20200126 15:33:48.979" endtime="20200126 15:33:48.979"></status>
</kw>
<kw name="Set Suite Variable" library="BuiltIn">
<doc>Makes a variable available everywhere within the scope of the current suite.</doc>
<arguments>
<arg>${AdminElement}</arg>
</arguments>
<msg timestamp="20200126 15:33:48.981" level="INFO">${AdminElement} = {'Username': 'id=inputTextUsername', 'Password': 'id=inputTextPassword', 'Login': 'id=buttonLogin', 'StatusPage': 'id=theForm:toolbarTitleWrap', 'UserMenu': 'id=theForm:userMenu', 'Logout': "//div[@id...</msg>
<status status="PASS" starttime="20200126 15:33:48.980" endtime="20200126 15:33:48.981"></status>
</kw>
<status status="PASS" starttime="20200126 15:33:48.976" endtime="20200126 15:33:48.982"></status>
</kw>
<test id="s1-t1" name="Login_with_valid_credentials">
<kw name="Open JMap Admin" type="setup">
<arguments>
<arg>${URLAdmin}</arg>
</arguments>
<kw name="Open Browser" library="SeleniumLibrary">
<doc>Opens a new browser instance to the optional ``url``.</doc>
<arguments>
<arg>${url}</arg>
<arg>Chrome</arg>
</arguments>
<msg timestamp="20200126 15:33:48.985" level="INFO">Opening browser 'Chrome' to base url 'http://formation1.jmaponline.net:8080'.</msg>
<status status="PASS" starttime="20200126 15:33:48.985" endtime="20200126 15:34:15.371"></status>
</kw>
<kw name="Maximize Browser Window" library="SeleniumLibrary">
<doc>Maximizes current browser window.</doc>
<status status="PASS" starttime="20200126 15:34:15.372" endtime="20200126 15:34:17.081"></status>
</kw>
<status status="PASS" starttime="20200126 15:33:48.984" endtime="20200126 15:34:17.082"></status>
</kw>
<kw name="Login With Creddentials">
<arguments>
<arg>${USERNAME}</arg>
<arg>${PASSWORD}</arg>
</arguments>
<kw name="Log" library="BuiltIn">
<doc>Logs the given message with the given level.</doc>
<arguments>
<arg>${AdminElement["Username"]}</arg>
</arguments>
<msg timestamp="20200126 15:34:17.088" level="INFO">id=inputTextUsername</msg>
<status status="PASS" starttime="20200126 15:34:17.088" endtime="20200126 15:34:17.089"></status>
</kw>
<kw name="Wait Until Element Is Visible" library="SeleniumLibrary">
<doc>Waits until the element ``locator`` is visible.</doc>
<arguments>
<arg>${AdminElement["Username"]}</arg>
<arg>7s</arg>
</arguments>
<status status="PASS" starttime="20200126 15:34:17.090" endtime="20200126 15:34:17.146"></status>
</kw>
<kw name="Input Text" library="SeleniumLibrary">
<doc>Types the given ``text`` into the text field identified by ``locator``.</doc>
<arguments>
<arg>${AdminElement["Username"]}</arg>
<arg>${pUSERNAME}</arg>
</arguments>
<msg timestamp="20200126 15:34:17.146" level="INFO">Typing text 'administrator' into text field 'id=inputTextUsername'.</msg>
<status status="PASS" starttime="20200126 15:34:17.146" endtime="20200126 15:34:17.351"></status>
</kw>
<kw name="Input Text" library="SeleniumLibrary">
<doc>Types the given ``text`` into the text field identified by ``locator``.</doc>
<arguments>
<arg>${AdminElement["Password"]}</arg>
<arg>${pPASSWORD}</arg>
</arguments>
<msg timestamp="20200126 15:34:17.353" level="INFO">Typing text '' into text field 'id=inputTextPassword'.</msg>
<status status="PASS" starttime="20200126 15:34:17.352" endtime="20200126 15:34:17.437"></status>
</kw>
<kw name="Click Button" library="SeleniumLibrary">
<doc>Clicks the button identified by ``locator``.</doc>
<arguments>
<arg>${AdminElement["Login"]}</arg>
</arguments>
<msg timestamp="20200126 15:34:17.438" level="INFO">Clicking button 'id=buttonLogin'.</msg>
<status status="PASS" starttime="20200126 15:34:17.438" endtime="20200126 15:34:17.570"></status>
</kw>
<status status="PASS" starttime="20200126 15:34:17.087" endtime="20200126 15:34:17.572"></status>
</kw>
<kw name="Verify That The Initial Page Is">
<arguments>
<arg>Status</arg>
</arguments>
<kw name="Wait Until Element Is Visible" library="SeleniumLibrary">
<doc>Waits until the element ``locator`` is visible.</doc>
<arguments>
<arg>${AdminElement["StatusPage"]}</arg>
<arg>7s</arg>
</arguments>
<status status="PASS" starttime="20200126 15:34:17.573" endtime="20200126 15:34:20.146"></status>
</kw>
<kw name="Run Keyword And Continue On Failure" library="BuiltIn">
<doc>Runs the keyword and continues execution even if a failure occurs.</doc>
<arguments>
<arg>Element Should Contain</arg>
<arg>${AdminElement["StatusPage"]}</arg>
<arg>${text}</arg>
</arguments>
<kw name="Element Should Contain" library="SeleniumLibrary">
<doc>Verifies that element ``locator`` contains text ``expected``.</doc>
<arguments>
<arg>${AdminElement["StatusPage"]}</arg>
<arg>${text}</arg>
</arguments>
<msg timestamp="20200126 15:34:20.184" level="INFO">Element 'id=theForm:toolbarTitleWrap' contains text 'Status'.</msg>
<status status="PASS" starttime="20200126 15:34:20.147" endtime="20200126 15:34:20.185"></status>
</kw>
<status status="PASS" starttime="20200126 15:34:20.146" endtime="20200126 15:34:20.186"></status>
</kw>
<status status="PASS" starttime="20200126 15:34:17.572" endtime="20200126 15:34:20.186"></status>
</kw>
<kw name="Logout From JMap Admin">
<kw name="Wait Until Element Is Visible" library="SeleniumLibrary">
<doc>Waits until the element ``locator`` is visible.</doc>
<arguments>
<arg>${AdminElement["UserMenu"]}</arg>
<arg>7s</arg>
</arguments>
<status status="PASS" starttime="20200126 15:34:20.187" endtime="20200126 15:34:20.222"></status>
</kw>
<kw name="Click Element" library="SeleniumLibrary">
<doc>Click the element identified by ``locator``.</doc>
<arguments>
<arg>${AdminElement["UserMenu"]}</arg>
</arguments>
<msg timestamp="20200126 15:34:20.223" level="INFO">Clicking element 'id=theForm:userMenu'.</msg>
<status status="PASS" starttime="20200126 15:34:20.222" endtime="20200126 15:34:20.299"></status>
</kw>
<kw name="Wait Until Element Is Visible" library="SeleniumLibrary">
<doc>Waits until the element ``locator`` is visible.</doc>
<arguments>
<arg>${AdminElement["Logout"]}</arg>
<arg>7s</arg>
</arguments>
<status status="PASS" starttime="20200126 15:34:20.301" endtime="20200126 15:34:20.349"></status>
</kw>
<kw name="Click Element" library="SeleniumLibrary">
<doc>Click the element identified by ``locator``.</doc>
<arguments>
<arg>${AdminElement["Logout"]}</arg>
</arguments>
<msg timestamp="20200126 15:34:20.350" level="INFO">Clicking element '//div[@id='theForm:j_idt70']//li[2]/a[1]'.</msg>
<status status="PASS" starttime="20200126 15:34:20.350" endtime="20200126 15:34:20.418"></status>
</kw>
<kw name="Sleep" library="BuiltIn">
<doc>Pauses the test executed for the given time.</doc>
<arguments>
<arg>2s</arg>
</arguments>
<msg timestamp="20200126 15:34:22.420" level="INFO">Slept 2 seconds</msg>
<status status="PASS" starttime="20200126 15:34:20.419" endtime="20200126 15:34:22.420"></status>
</kw>
<kw name="Close Browser" library="SeleniumLibrary">
<doc>Closes the current browser.</doc>
<status status="PASS" starttime="20200126 15:34:22.422" endtime="20200126 15:34:25.671"></status>
</kw>
<status status="PASS" starttime="20200126 15:34:20.187" endtime="20200126 15:34:25.671"></status>
</kw>
<status status="PASS" starttime="20200126 15:33:48.982" endtime="20200126 15:34:25.672" critical="yes"></status>
</test>
<status status="PASS" starttime="20200126 15:33:48.100" endtime="20200126 15:34:25.683"></status>
</suite>
<statistics>
<total>
<stat pass="1" fail="0">Critical Tests</stat>
<stat pass="1" fail="0">All Tests</stat>
</total>
<tag>
</tag>
<suite>
<stat pass="1" fail="0" id="s1" name="AdminDemo">AdminDemo</stat>
</suite>
</statistics>
<errors>
</errors>
</robot>
