<?xml version="1.0" encoding="UTF-8"?>
<robot generator="Robot 3.2.2 (Python 3.12.1 on win32)" generated="20240126 19:43:36.269" rpa="false">
<suite id="s1" name="Automation-Demo" source="C:\Users\Hmimabdou\eclipse-workspace2\Automation-Demo">
<suite id="s1-s1" name="AdminDemo" source="C:\Users\Hmimabdou\eclipse-workspace2\Automation-Demo\AdminDemo.robot">
<test id="s1-s1-t1" name="Open Facbook Test">
<kw name="Log" library="BuiltIn">
<doc>Logs the given message with the given level.</doc>
<arguments>
<arg>\n-----&gt; Open Facebook:</arg>
<arg>console=yes</arg>
</arguments>
<msg timestamp="20240126 19:43:36.920" level="INFO">
-----&gt; Open Facebook:</msg>
<status status="PASS" starttime="20240126 19:43:36.919" endtime="20240126 19:43:36.920"></status>
</kw>
<kw name="Log" library="BuiltIn">
<doc>Logs the given message with the given level.</doc>
<arguments>
<arg>-----&gt; Actual ENV: ${ENV}</arg>
<arg>console=yes</arg>
</arguments>
<msg timestamp="20240126 19:43:36.920" level="INFO">-----&gt; Actual ENV: pp</msg>
<status status="PASS" starttime="20240126 19:43:36.920" endtime="20240126 19:43:36.920"></status>
</kw>
<kw name="Log" library="BuiltIn">
<doc>Logs the given message with the given level.</doc>
<arguments>
<arg>-----&gt; Actual LANG: ${LANG}</arg>
<arg>console=yes</arg>
</arguments>
<msg timestamp="20240126 19:43:36.921" level="INFO">-----&gt; Actual LANG: fr</msg>
<status status="PASS" starttime="20240126 19:43:36.920" endtime="20240126 19:43:36.921"></status>
</kw>
<kw name="Log" library="BuiltIn">
<doc>Logs the given message with the given level.</doc>
<arguments>
<arg>-----&gt; Actual BROWSER: ${BROWSER}</arg>
<arg>console=yes</arg>
</arguments>
<msg timestamp="20240126 19:43:36.921" level="INFO">-----&gt; Actual BROWSER: Chrome</msg>
<status status="PASS" starttime="20240126 19:43:36.921" endtime="20240126 19:43:36.921"></status>
</kw>
<kw name="Log" library="BuiltIn">
<doc>Logs the given message with the given level.</doc>
<arguments>
<arg>-----&gt; Actual TE: ${NEW_TE}</arg>
<arg>console=yes</arg>
</arguments>
<msg timestamp="20240126 19:43:36.922" level="INFO">-----&gt; Actual TE: </msg>
<status status="PASS" starttime="20240126 19:43:36.921" endtime="20240126 19:43:36.922"></status>
</kw>
<kw name="Log" library="BuiltIn">
<doc>Logs the given message with the given level.</doc>
<arguments>
<arg>-----&gt; USE JIRA: ${USE_JIRA}</arg>
<arg>console=yes</arg>
</arguments>
<msg timestamp="20240126 19:43:36.922" level="INFO">-----&gt; USE JIRA: </msg>
<status status="PASS" starttime="20240126 19:43:36.922" endtime="20240126 19:43:36.923"></status>
</kw>
<kw name="Open Url">
<arguments>
<arg>https://www.facebook.com/</arg>
</arguments>
<kw name="Run Keyword If" library="BuiltIn">
<doc>Runs the given keyword with the given arguments, if ``condition`` is true.</doc>
<arguments>
<arg>'${BROWSER}'=='Chrome'</arg>
<arg>Open Chrome</arg>
</arguments>
<kw name="Open Chrome">
<kw name="Evaluate" library="BuiltIn">
<doc>Evaluates the given expression in Python and returns the result.</doc>
<arguments>
<arg>selenium.webdriver.ChromeOptions()</arg>
<arg>modules=selenium, selenium.webdriver</arg>
</arguments>
<assign>
<var>${chrome options}</var>
</assign>
<msg timestamp="20240126 19:43:36.924" level="INFO">${chrome options} = &lt;selenium.webdriver.chrome.options.Options object at 0x000001F44FCA3CE0&gt;</msg>
<status status="PASS" starttime="20240126 19:43:36.924" endtime="20240126 19:43:36.924"></status>
</kw>
<kw name="Call Method" library="BuiltIn">
<doc>Calls the named method of the given object with the provided arguments.</doc>
<arguments>
<arg>${chrome_options}</arg>
<arg>add_argument</arg>
<arg>--no-sandbox</arg>
</arguments>
<status status="PASS" starttime="20240126 19:43:36.924" endtime="20240126 19:43:36.924"></status>
</kw>
<kw name="Call Method" library="BuiltIn">
<doc>Calls the named method of the given object with the provided arguments.</doc>
<arguments>
<arg>${chrome_options}</arg>
<arg>add_argument</arg>
<arg>disable-gpu</arg>
</arguments>
<status status="PASS" starttime="20240126 19:43:36.925" endtime="20240126 19:43:36.925"></status>
</kw>
<kw name="Call Method" library="BuiltIn">
<doc>Calls the named method of the given object with the provided arguments.</doc>
<arguments>
<arg>${chrome_options}</arg>
<arg>add_argument</arg>
<arg>--ignore-certificate-errors</arg>
</arguments>
<status status="PASS" starttime="20240126 19:43:36.925" endtime="20240126 19:43:36.925"></status>
</kw>
<kw name="Call Method" library="BuiltIn">
<doc>Calls the named method of the given object with the provided arguments.</doc>
<arguments>
<arg>${chrome_options}</arg>
<arg>to_capabilities</arg>
</arguments>
<assign>
<var>${var}</var>
</assign>
<msg timestamp="20240126 19:43:36.926" level="INFO">${var} = {'browserName': 'chrome', 'pageLoadStrategy': 'normal', 'goog:chromeOptions': {'extensions': [], 'args': ['--no-sandbox', 'disable-gpu', '--ignore-certificate-errors']}}</msg>
<status status="PASS" starttime="20240126 19:43:36.925" endtime="20240126 19:43:36.926"></status>
</kw>
<kw name="Create Webdriver" library="SeleniumLibrary">
<doc>Creates an instance of Selenium WebDriver.</doc>
<arguments>
<arg>driver_name=Chrome</arg>
<arg>alias=google</arg>
<arg>chrome_options=${chrome_options}</arg>
<arg>executable_path=${CHROME_DRIVER_PATH}</arg>
</arguments>
<msg timestamp="20240126 19:43:36.926" level="INFO">Creating an instance of the Chrome WebDriver.</msg>
<status status="PASS" starttime="20240126 19:43:36.926" endtime="20240126 19:43:38.295"></status>
</kw>
<status status="PASS" starttime="20240126 19:43:36.923" endtime="20240126 19:43:38.295"></status>
</kw>
<status status="PASS" starttime="20240126 19:43:36.923" endtime="20240126 19:43:38.295"></status>
</kw>
<kw name="Go To" library="SeleniumLibrary">
<doc>Navigates the current browser window to the provided ``url``.</doc>
<arguments>
<arg>${url}</arg>
</arguments>
<msg timestamp="20240126 19:43:38.296" level="INFO">Opening url 'https://www.facebook.com/'</msg>
<status status="PASS" starttime="20240126 19:43:38.295" endtime="20240126 19:43:41.259"></status>
</kw>
<kw name="Maximize Browser Window" library="SeleniumLibrary">
<doc>Maximizes current browser window.</doc>
<status status="PASS" starttime="20240126 19:43:41.259" endtime="20240126 19:43:41.374"></status>
</kw>
<kw name="Sleep" library="BuiltIn">
<doc>Pauses the test executed for the given time.</doc>
<arguments>
<arg>1s</arg>
</arguments>
<msg timestamp="20240126 19:43:42.376" level="INFO">Slept 1 second</msg>
<status status="PASS" starttime="20240126 19:43:41.374" endtime="20240126 19:43:42.376"></status>
</kw>
<status status="PASS" starttime="20240126 19:43:36.923" endtime="20240126 19:43:42.376"></status>
</kw>
<kw name="Run Keyword And Continue On Failure" library="BuiltIn">
<doc>Runs the keyword and continues execution even if a failure occurs.</doc>
<arguments>
<arg>Wait Until Element Contains</arg>
<arg>//a[@data-testid='open-registration-form-button']</arg>
<arg>Créer nouveau compte</arg>
<arg>timeout=60s</arg>
</arguments>
<kw name="Wait Until Element Contains" library="SeleniumLibrary">
<doc>Waits until the element ``locator`` contains ``text``.</doc>
<arguments>
<arg>//a[@data-testid='open-registration-form-button']</arg>
<arg>Créer nouveau compte</arg>
<arg>timeout=60s</arg>
</arguments>
<status status="PASS" starttime="20240126 19:43:42.376" endtime="20240126 19:43:42.402"></status>
</kw>
<status status="PASS" starttime="20240126 19:43:42.376" endtime="20240126 19:43:42.403"></status>
</kw>
<kw name="Close Browser" library="SeleniumLibrary">
<doc>Closes the current browser.</doc>
<status status="PASS" starttime="20240126 19:43:42.403" endtime="20240126 19:43:44.550"></status>
</kw>
<tags>
<tag>Facebook</tag>
<tag>Transparency</tag>
</tags>
<status status="PASS" starttime="20240126 19:43:36.919" endtime="20240126 19:43:44.550" critical="yes"></status>
</test>
<status status="PASS" starttime="20240126 19:43:36.345" endtime="20240126 19:43:44.552"></status>
</suite>
<status status="PASS" starttime="20240126 19:43:36.328" endtime="20240126 19:43:44.552"></status>
</suite>
<statistics>
<total>
<stat pass="1" fail="0">Critical Tests</stat>
<stat pass="1" fail="0">All Tests</stat>
</total>
<tag>
<stat pass="1" fail="0">Facebook</stat>
<stat pass="1" fail="0">Transparency</stat>
</tag>
<suite>
<stat pass="1" fail="0" id="s1" name="Automation-Demo">Automation-Demo</stat>
<stat pass="1" fail="0" id="s1-s1" name="AdminDemo">Automation-Demo.AdminDemo</stat>
</suite>
</statistics>
<errors>
</errors>
</robot>
