<?xml version="1.0" encoding="UTF-8"?>
<robot generator="Robot 7.0.1 (Python 3.12.1 on win32)" generated="2026-03-08T03:44:58.511413" rpa="false" schemaversion="5">
<suite id="s1" name="AdminDemo" source="c:\Users\Hmimabdou\Projects\RebotGitHubProject\Automation-Demo\AdminDemo.robot">
<test id="s1-t1" name="Test Github actions" line="37">
<kw name="Log" owner="BuiltIn">
<msg time="2026-03-08T03:44:59.177077" level="INFO">
-----&gt; Actual ENV: pp</msg>
<arg>\n-----&gt; Actual ENV: ${ENV}</arg>
<arg>console=yes</arg>
<doc>Logs the given message with the given level.</doc>
<status status="PASS" start="2026-03-08T03:44:59.177077" elapsed="0.003702"/>
</kw>
<kw name="Log" owner="BuiltIn">
<msg time="2026-03-08T03:44:59.182955" level="INFO">-----&gt; Actual LANG: fr</msg>
<arg>-----&gt; Actual LANG: ${LANG}</arg>
<arg>console=yes</arg>
<doc>Logs the given message with the given level.</doc>
<status status="PASS" start="2026-03-08T03:44:59.181855" elapsed="0.003276"/>
</kw>
<kw name="Log" owner="BuiltIn">
<msg time="2026-03-08T03:44:59.186014" level="INFO">-----&gt; Actual BROWSER: Chrome</msg>
<arg>-----&gt; Actual BROWSER: ${BROWSER}</arg>
<arg>console=yes</arg>
<doc>Logs the given message with the given level.</doc>
<status status="PASS" start="2026-03-08T03:44:59.186014" elapsed="0.002301"/>
</kw>
<kw name="Log" owner="BuiltIn">
<msg time="2026-03-08T03:44:59.189928" level="INFO">-----&gt; Actual TE: </msg>
<arg>-----&gt; Actual TE: ${NEW_TE}</arg>
<arg>console=yes</arg>
<doc>Logs the given message with the given level.</doc>
<status status="PASS" start="2026-03-08T03:44:59.189928" elapsed="0.002158"/>
</kw>
<kw name="Log" owner="BuiltIn">
<msg time="2026-03-08T03:44:59.193738" level="INFO">-----&gt; USE JIRA: </msg>
<arg>-----&gt; USE JIRA: ${USE_JIRA}</arg>
<arg>console=yes</arg>
<doc>Logs the given message with the given level.</doc>
<status status="PASS" start="2026-03-08T03:44:59.192086" elapsed="0.001652"/>
</kw>
<kw name="Log" owner="BuiltIn">
<msg time="2026-03-08T03:44:59.194735" level="INFO">-----&gt; JIRA TOKEN: ABCDEFGHIJKLMNOPQRSTUVWXYZ</msg>
<arg>-----&gt; JIRA TOKEN: ${JIRA_TOKEN}</arg>
<arg>console=yes</arg>
<doc>Logs the given message with the given level.</doc>
<status status="PASS" start="2026-03-08T03:44:59.194735" elapsed="0.001015"/>
</kw>
<tag>JMap</tag>
<tag>Transparency</tag>
<status status="PASS" start="2026-03-08T03:44:59.174907" elapsed="0.020843"/>
</test>
<status status="PASS" start="2026-03-08T03:44:58.518575" elapsed="0.680406"/>
</suite>
<statistics>
<total>
<stat pass="1" fail="0" skip="0">All Tests</stat>
</total>
<tag>
<stat pass="1" fail="0" skip="0">JMap</stat>
<stat pass="1" fail="0" skip="0">Transparency</stat>
</tag>
<suite>
<stat pass="1" fail="0" skip="0" id="s1" name="AdminDemo">AdminDemo</stat>
</suite>
</statistics>
<errors>
</errors>
</robot>
