<?xml version="1.0" encoding="UTF-8"?>
<robot generator="Robot 7.0.1 (Python 3.12.1 on win32)" generated="2026-03-08T14:49:09.781577" rpa="false" schemaversion="5">
<suite id="s1" name="RestAPITests" source="c:\Users\Hmimabdou\Projects\RebotGitHubProject\Automation-Demo\Tests\EmployedApiTests\RestAPITests.robot">
<test id="s1-t1" name="POST with valid params to create a new user, can be output to a file" line="45">
<kw name="POST" owner="REST">
<arg>/users</arg>
<arg>${json}</arg>
<tag>http</tag>
<doc>*Sends a POST request to the endpoint.*</doc>
<status status="PASS" start="2026-03-08T14:49:10.514979" elapsed="0.875062"/>
</kw>
<kw name="Integer" owner="REST">
<arg>response status</arg>
<arg>201</arg>
<tag>assertions</tag>
<doc>*Asserts the field as JSON integer.*</doc>
<status status="PASS" start="2026-03-08T14:49:11.395256" elapsed="0.001036"/>
</kw>
<kw name="Output" owner="REST" type="TEARDOWN">
<msg time="2026-03-08T14:49:11.408044" level="INFO">
{
    "id": 11,
    "name": "Gil Alexander"
}</msg>
<arg>response body</arg>
<arg>${OUTPUTDIR}/new_user.demo.json</arg>
<tag>I/O</tag>
<doc>*Outputs JSON to terminal or a file.*</doc>
<status status="PASS" start="2026-03-08T14:49:11.407034" elapsed="0.049088"/>
</kw>
<status status="PASS" start="2026-03-08T14:49:10.513969" elapsed="0.942153"/>
</test>
<doc>Test data can be read from variables and files.
Both JSON and Python type systems are supported for inputs.
Every request creates a so-called instance. Can be `Output`.
Most keywords are effective only for the last instance.
Initial schemas are autogenerated for request and response.
You can make them more detailed by using assertion keywords.
The assertion keywords correspond to the JSON types.
They take in either path to the property or a JSONPath query.
Using (enum) values in tests optional. Only type is required.
All the JSON Schema validation keywords are also supported.
Thus, there is no need to write any own validation logic.
Not a long path from schemas to full Swagger/OpenAPI specs.
The persistence of the created instances is the test suite.
Use keyword `Rest instances` to output the created instances.</doc>
<status status="PASS" start="2026-03-08T14:49:09.788059" elapsed="1.670115"/>
</suite>
<statistics>
<total>
<stat pass="1" fail="0" skip="0">All Tests</stat>
</total>
<tag>
</tag>
<suite>
<stat pass="1" fail="0" skip="0" id="s1" name="RestAPITests">RestAPITests</stat>
</suite>
</statistics>
<errors>
</errors>
</robot>
