<?xml version="1.0" encoding="UTF-8"?>
<robot generator="Robot 3.1.2 (Python 3.7.2 on win32)" generated="20230513 11:46:32.943" rpa="false">
<suite id="s1" name="Automation-Demo" source="C:\Users\Antec\eclipse-workspace\Automation-Demo">
<suite id="s1-s1" name="AdminDemo" source="C:\Users\Antec\eclipse-workspace\Automation-Demo\AdminDemo.robot">
<kw name="Set Locators From Json" type="setup">
<arguments>
<arg>AdminElements.json</arg>
</arguments>
<kw name="Get File" library="OperatingSystem">
<doc>Returns the contents of a specified file.</doc>
<arguments>
<arg>C:\\Users\\Antec\\eclipse-workspace\\Automation-Demo${/}Files${/}${pJsonFile}</arg>
</arguments>
<assign>
<var>${readJson}</var>
</assign>
<msg timestamp="20230513 11:46:33.793" level="INFO" html="yes">Getting file '&lt;a href="file://C:\Users\Antec\eclipse-workspace\Automation-Demo\Files\AdminElements.json"&gt;C:\Users\Antec\eclipse-workspace\Automation-Demo\Files\AdminElements.json&lt;/a&gt;'.</msg>
<msg timestamp="20230513 11:46:33.793" level="INFO">${readJson} = {
 	"Username": "id=inputTextUsername",
    "Password": "id=inputTextPassword",
    "Login": "id=buttonLogin",
    "StatusPage": "id=theForm:toolbarTitleWrap",
    "UserMenu": "id=theForm:userMenu",
 ...</msg>
<status status="PASS" starttime="20230513 11:46:33.792" endtime="20230513 11:46:33.793"></status>
</kw>
<kw name="Evaluate" library="BuiltIn">
<doc>Evaluates the given expression in Python and returns the results.</doc>
<arguments>
<arg>json.loads('''${readJson}''')</arg>
<arg>json</arg>
</arguments>
<assign>
<var>${AdminElement}</var>
</assign>
<msg timestamp="20230513 11:46:33.794" level="INFO">${AdminElement} = {'Username': 'id=inputTextUsername', 'Password': 'id=inputTextPassword', 'Login': 'id=buttonLogin', 'StatusPage': 'id=theForm:toolbarTitleWrap', 'UserMenu': 'id=theForm:userMenu', 'Logout': "//span[co...</msg>
<status status="PASS" starttime="20230513 11:46:33.794" endtime="20230513 11:46:33.794"></status>
</kw>
<kw name="Set Suite Variable" library="BuiltIn">
<doc>Makes a variable available everywhere within the scope of the current suite.</doc>
<arguments>
<arg>${AdminElement}</arg>
</arguments>
<msg timestamp="20230513 11:46:33.795" level="INFO">${AdminElement} = {'Username': 'id=inputTextUsername', 'Password': 'id=inputTextPassword', 'Login': 'id=buttonLogin', 'StatusPage': 'id=theForm:toolbarTitleWrap', 'UserMenu': 'id=theForm:userMenu', 'Logout': "//span[co...</msg>
<status status="PASS" starttime="20230513 11:46:33.795" endtime="20230513 11:46:33.795"></status>
</kw>
<status status="PASS" starttime="20230513 11:46:33.791" endtime="20230513 11:46:33.796"></status>
</kw>
<test id="s1-s1-t1" name="Login_with_valid_credentials">
<kw name="Open JMap Admin" type="setup">
<arguments>
<arg>${URLAdmin}</arg>
</arguments>
<kw name="Run Keyword If" library="BuiltIn">
<doc>Runs the given keyword with the given arguments, if ``condition`` is true.</doc>
<arguments>
<arg>'${BROWSER}'=='Chrome'</arg>
<arg>Open Chrome</arg>
</arguments>
<kw name="Open Chrome">
<kw name="Evaluate" library="BuiltIn">
<doc>Evaluates the given expression in Python and returns the results.</doc>
<arguments>
<arg>selenium.webdriver.ChromeOptions()</arg>
<arg>modules=selenium, selenium.webdriver</arg>
</arguments>
<assign>
<var>${chrome options}</var>
</assign>
<msg timestamp="20230513 11:46:33.799" level="INFO">${chrome options} = &lt;selenium.webdriver.chrome.options.Options object at 0x042B7D90&gt;</msg>
<status status="PASS" starttime="20230513 11:46:33.798" endtime="20230513 11:46:33.799"></status>
</kw>
<kw name="Call Method" library="BuiltIn">
<doc>Calls the named method of the given object with the provided arguments.</doc>
<arguments>
<arg>${chrome_options}</arg>
<arg>add_argument</arg>
<arg>--no-sandbox</arg>
</arguments>
<status status="PASS" starttime="20230513 11:46:33.799" endtime="20230513 11:46:33.800"></status>
</kw>
<kw name="Call Method" library="BuiltIn">
<doc>Calls the named method of the given object with the provided arguments.</doc>
<arguments>
<arg>${chrome_options}</arg>
<arg>add_argument</arg>
<arg>disable-gpu</arg>
</arguments>
<status status="PASS" starttime="20230513 11:46:33.800" endtime="20230513 11:46:33.800"></status>
</kw>
<kw name="Call Method" library="BuiltIn">
<doc>Calls the named method of the given object with the provided arguments.</doc>
<arguments>
<arg>${chrome_options}</arg>
<arg>add_argument</arg>
<arg>--ignore-certificate-errors</arg>
</arguments>
<status status="PASS" starttime="20230513 11:46:33.801" endtime="20230513 11:46:33.801"></status>
</kw>
<kw name="Call Method" library="BuiltIn">
<doc>Calls the named method of the given object with the provided arguments.</doc>
<arguments>
<arg>${chrome_options}</arg>
<arg>to_capabilities</arg>
</arguments>
<assign>
<var>${var}</var>
</assign>
<msg timestamp="20230513 11:46:33.801" level="INFO">${var} = {'browserName': 'chrome', 'version': '', 'platform': 'ANY', 'goog:chromeOptions': {'extensions': [], 'args': ['--no-sandbox', 'disable-gpu', '--ignore-certificate-errors']}}</msg>
<status status="PASS" starttime="20230513 11:46:33.801" endtime="20230513 11:46:33.801"></status>
</kw>
<kw name="Create Webdriver" library="SeleniumLibrary">
<doc>Creates an instance of Selenium WebDriver.</doc>
<arguments>
<arg>driver_name=Chrome</arg>
<arg>alias=google</arg>
<arg>chrome_options=${chrome_options}</arg>
<arg>executable_path=${CHROME_DRIVER_PATH}</arg>
</arguments>
<msg timestamp="20230513 11:46:33.801" level="INFO">Creating an instance of the Chrome WebDriver.</msg>
<status status="PASS" starttime="20230513 11:46:33.801" endtime="20230513 11:46:35.539"></status>
</kw>
<kw name="Go To" library="SeleniumLibrary">
<doc>Navigates the active browser instance to the provided ``url``.</doc>
<arguments>
<arg>${URLAdmin}</arg>
</arguments>
<msg timestamp="20230513 11:46:35.555" level="INFO">Opening url 'http://54.39.78.142:8080'</msg>
<status status="PASS" starttime="20230513 11:46:35.554" endtime="20230513 11:46:40.630"></status>
</kw>
<kw name="Maximize Browser Window" library="SeleniumLibrary">
<doc>Maximizes current browser window.</doc>
<status status="PASS" starttime="20230513 11:46:40.631" endtime="20230513 11:46:40.741"></status>
</kw>
<status status="PASS" starttime="20230513 11:46:33.798" endtime="20230513 11:46:40.742"></status>
</kw>
<status status="PASS" starttime="20230513 11:46:33.797" endtime="20230513 11:46:40.742"></status>
</kw>
<status status="PASS" starttime="20230513 11:46:33.797" endtime="20230513 11:46:40.743"></status>
</kw>
<kw name="Login With Creddentials">
<arguments>
<arg>${USERNAME}</arg>
<arg>${PASSWORD}</arg>
</arguments>
<kw name="Log" library="BuiltIn">
<doc>Logs the given message with the given level.</doc>
<arguments>
<arg>${AdminElement["Username"]}</arg>
</arguments>
<msg timestamp="20230513 11:46:40.744" level="INFO">id=inputTextUsername</msg>
<status status="PASS" starttime="20230513 11:46:40.744" endtime="20230513 11:46:40.744"></status>
</kw>
<kw name="Wait Until Element Is Visible" library="SeleniumLibrary">
<doc>Waits until element ``locator`` is visible.</doc>
<arguments>
<arg>${AdminElement["Username"]}</arg>
<arg>7s</arg>
</arguments>
<status status="PASS" starttime="20230513 11:46:40.745" endtime="20230513 11:46:40.785"></status>
</kw>
<kw name="Input Text" library="SeleniumLibrary">
<doc>Types the given ``text`` into text field identified by ``locator``.</doc>
<arguments>
<arg>${AdminElement["Username"]}</arg>
<arg>${pUSERNAME}</arg>
</arguments>
<msg timestamp="20230513 11:46:40.786" level="INFO">Typing text 'demo' into text field 'id=inputTextUsername'.</msg>
<status status="PASS" starttime="20230513 11:46:40.785" endtime="20230513 11:46:40.890"></status>
</kw>
<kw name="Input Text" library="SeleniumLibrary">
<doc>Types the given ``text`` into text field identified by ``locator``.</doc>
<arguments>
<arg>${AdminElement["Password"]}</arg>
<arg>${pPASSWORD}</arg>
</arguments>
<msg timestamp="20230513 11:46:40.891" level="INFO">Typing text 'demo' into text field 'id=inputTextPassword'.</msg>
<status status="PASS" starttime="20230513 11:46:40.890" endtime="20230513 11:46:40.988"></status>
</kw>
<kw name="Click Button" library="SeleniumLibrary">
<doc>Clicks button identified by ``locator``.</doc>
<arguments>
<arg>${AdminElement["Login"]}</arg>
</arguments>
<msg timestamp="20230513 11:46:40.988" level="INFO">Clicking button 'id=buttonLogin'.</msg>
<status status="PASS" starttime="20230513 11:46:40.988" endtime="20230513 11:46:41.077"></status>
</kw>
<status status="PASS" starttime="20230513 11:46:40.743" endtime="20230513 11:46:41.077"></status>
</kw>
<kw name="Verify That The Initial Page Is">
<arguments>
<arg>Status</arg>
</arguments>
<kw name="Wait Until Element Is Visible" library="SeleniumLibrary">
<doc>Waits until element ``locator`` is visible.</doc>
<arguments>
<arg>${AdminElement["StatusPage"]}</arg>
<arg>7s</arg>
</arguments>
<status status="PASS" starttime="20230513 11:46:41.078" endtime="20230513 11:46:42.785"></status>
</kw>
<kw name="Run Keyword And Continue On Failure" library="BuiltIn">
<doc>Runs the keyword and continues execution even if a failure occurs.</doc>
<arguments>
<arg>Element Should Contain</arg>
<arg>${AdminElement["StatusPage"]}</arg>
<arg>${text}</arg>
</arguments>
<kw name="Element Should Contain" library="SeleniumLibrary">
<doc>Verifies that element ``locator`` contains text ``expected``.</doc>
<arguments>
<arg>${AdminElement["StatusPage"]}</arg>
<arg>${text}</arg>
</arguments>
<msg timestamp="20230513 11:46:42.811" level="INFO">Element 'id=theForm:toolbarTitleWrap' contains text 'Status'.</msg>
<status status="PASS" starttime="20230513 11:46:42.786" endtime="20230513 11:46:42.811"></status>
</kw>
<status status="PASS" starttime="20230513 11:46:42.785" endtime="20230513 11:46:42.811"></status>
</kw>
<status status="PASS" starttime="20230513 11:46:41.077" endtime="20230513 11:46:42.811"></status>
</kw>
<kw name="Log" library="BuiltIn">
<doc>Logs the given message with the given level.</doc>
<arguments>
<arg>\n-----&gt; Initial Page Is: Status</arg>
<arg>console=yes</arg>
</arguments>
<msg timestamp="20230513 11:46:42.811" level="INFO">
-----&gt; Initial Page Is: Status</msg>
<status status="PASS" starttime="20230513 11:46:42.811" endtime="20230513 11:46:42.811"></status>
</kw>
<kw name="Logout From JMap Admin">
<kw name="Wait Until Element Is Visible" library="SeleniumLibrary">
<doc>Waits until element ``locator`` is visible.</doc>
<arguments>
<arg>${AdminElement["UserMenu"]}</arg>
<arg>7s</arg>
</arguments>
<status status="PASS" starttime="20230513 11:46:42.811" endtime="20230513 11:46:42.844"></status>
</kw>
<kw name="Click Element" library="SeleniumLibrary">
<doc>Click element identified by ``locator``.</doc>
<arguments>
<arg>${AdminElement["UserMenu"]}</arg>
</arguments>
<msg timestamp="20230513 11:46:42.844" level="INFO">Clicking element 'id=theForm:userMenu'.</msg>
<status status="PASS" starttime="20230513 11:46:42.844" endtime="20230513 11:46:42.890"></status>
</kw>
<kw name="Wait Until Element Is Visible" library="SeleniumLibrary">
<doc>Waits until element ``locator`` is visible.</doc>
<arguments>
<arg>${AdminElement["Logout"]}</arg>
<arg>7s</arg>
</arguments>
<status status="PASS" starttime="20230513 11:46:42.890" endtime="20230513 11:46:42.925"></status>
</kw>
<kw name="Click Element" library="SeleniumLibrary">
<doc>Click element identified by ``locator``.</doc>
<arguments>
<arg>${AdminElement["Logout"]}</arg>
</arguments>
<msg timestamp="20230513 11:46:42.926" level="INFO">Clicking element '//span[contains(text(),'Logout')]'.</msg>
<status status="PASS" starttime="20230513 11:46:42.925" endtime="20230513 11:46:42.976"></status>
</kw>
<kw name="Sleep" library="BuiltIn">
<doc>Pauses the test executed for the given time.</doc>
<arguments>
<arg>2s</arg>
</arguments>
<msg timestamp="20230513 11:46:44.990" level="INFO">Slept 2 seconds</msg>
<status status="PASS" starttime="20230513 11:46:42.977" endtime="20230513 11:46:44.990"></status>
</kw>
<status status="PASS" starttime="20230513 11:46:42.811" endtime="20230513 11:46:44.990"></status>
</kw>
<kw name="Close Browser" library="SeleniumLibrary" type="teardown">
<doc>Closes the current browser.</doc>
<status status="PASS" starttime="20230513 11:46:44.990" endtime="20230513 11:46:47.052"></status>
</kw>
<status status="PASS" starttime="20230513 11:46:33.796" endtime="20230513 11:46:47.052" critical="yes"></status>
</test>
<status status="PASS" starttime="20230513 11:46:33.021" endtime="20230513 11:46:47.052"></status>
</suite>
<status status="PASS" starttime="20230513 11:46:32.990" endtime="20230513 11:46:47.052"></status>
</suite>
<statistics>
<total>
<stat pass="1" fail="0">Critical Tests</stat>
<stat pass="1" fail="0">All Tests</stat>
</total>
<tag>
</tag>
<suite>
<stat pass="1" fail="0" id="s1" name="Automation-Demo">Automation-Demo</stat>
<stat pass="1" fail="0" id="s1-s1" name="AdminDemo">Automation-Demo.AdminDemo</stat>
</suite>
</statistics>
<errors>
</errors>
</robot>
