<?xml version="1.0" encoding="UTF-8"?>
<robot generator="Robot 3.2.2 (Python 3.12.1 on win32)" generated="20240128 15:09:15.330" rpa="false">
<suite id="s1" name="Automation-Demo" source="C:\Users\Hmimabdou\eclipse-workspace2\Automation-Demo">
<suite id="s1-s1" name="AdminDemo" source="C:\Users\Hmimabdou\eclipse-workspace2\Automation-Demo\AdminDemo.robot">
<test id="s1-s1-t1" name="Open Facbook Test">
<kw name="Log" library="BuiltIn">
<doc>Logs the given message with the given level.</doc>
<arguments>
<arg>\n-----&gt; Open Facebook:</arg>
<arg>console=yes</arg>
</arguments>
<msg timestamp="20240128 15:09:15.959" level="INFO">
-----&gt; Open Facebook:</msg>
<status status="PASS" starttime="20240128 15:09:15.959" endtime="20240128 15:09:15.960"></status>
</kw>
<kw name="Log" library="BuiltIn">
<doc>Logs the given message with the given level.</doc>
<arguments>
<arg>-----&gt; Actual ENV: ${ENV}</arg>
<arg>console=yes</arg>
</arguments>
<msg timestamp="20240128 15:09:15.960" level="INFO">-----&gt; Actual ENV: pp</msg>
<status status="PASS" starttime="20240128 15:09:15.960" endtime="20240128 15:09:15.960"></status>
</kw>
<kw name="Log" library="BuiltIn">
<doc>Logs the given message with the given level.</doc>
<arguments>
<arg>-----&gt; Actual LANG: ${LANG}</arg>
<arg>console=yes</arg>
</arguments>
<msg timestamp="20240128 15:09:15.960" level="INFO">-----&gt; Actual LANG: fr</msg>
<status status="PASS" starttime="20240128 15:09:15.960" endtime="20240128 15:09:15.961"></status>
</kw>
<kw name="Log" library="BuiltIn">
<doc>Logs the given message with the given level.</doc>
<arguments>
<arg>-----&gt; Actual BROWSER: ${BROWSER}</arg>
<arg>console=yes</arg>
</arguments>
<msg timestamp="20240128 15:09:15.961" level="INFO">-----&gt; Actual BROWSER: Chrome</msg>
<status status="PASS" starttime="20240128 15:09:15.961" endtime="20240128 15:09:15.961"></status>
</kw>
<kw name="Log" library="BuiltIn">
<doc>Logs the given message with the given level.</doc>
<arguments>
<arg>-----&gt; Actual TE: ${NEW_TE}</arg>
<arg>console=yes</arg>
</arguments>
<msg timestamp="20240128 15:09:15.962" level="INFO">-----&gt; Actual TE: </msg>
<status status="PASS" starttime="20240128 15:09:15.962" endtime="20240128 15:09:15.962"></status>
</kw>
<kw name="Log" library="BuiltIn">
<doc>Logs the given message with the given level.</doc>
<arguments>
<arg>-----&gt; USE JIRA: ${USE_JIRA}</arg>
<arg>console=yes</arg>
</arguments>
<msg timestamp="20240128 15:09:15.963" level="INFO">-----&gt; USE JIRA: </msg>
<status status="PASS" starttime="20240128 15:09:15.962" endtime="20240128 15:09:15.963"></status>
</kw>
<kw name="Create Dictionary" library="BuiltIn">
<doc>Creates and returns a dictionary based on the given ``items``.</doc>
<arguments>
<arg>en=Create new account</arg>
<arg>fr=Créer nouveau compte</arg>
</arguments>
<assign>
<var>&amp;{createNewAccountBtn}</var>
</assign>
<msg timestamp="20240128 15:09:15.963" level="INFO">&amp;{createNewAccountBtn} = { en=Create new account | fr=Créer nouveau compte }</msg>
<status status="PASS" starttime="20240128 15:09:15.963" endtime="20240128 15:09:15.964"></status>
</kw>
<kw name="Create Dictionary" library="BuiltIn">
<doc>Creates and returns a dictionary based on the given ``items``.</doc>
<arguments>
<arg>en=Sign Up</arg>
<arg>fr=S’inscrire</arg>
</arguments>
<assign>
<var>&amp;{signUpBtn}</var>
</assign>
<msg timestamp="20240128 15:09:15.964" level="INFO">&amp;{signUpBtn} = { en=Sign Up | fr=S’inscrire }</msg>
<status status="PASS" starttime="20240128 15:09:15.964" endtime="20240128 15:09:15.965"></status>
</kw>
<kw name="Open Url">
<arguments>
<arg>https://www.facebook.com</arg>
</arguments>
<kw name="Run Keyword If" library="BuiltIn">
<doc>Runs the given keyword with the given arguments, if ``condition`` is true.</doc>
<arguments>
<arg>'${BROWSER}'=='Chrome'</arg>
<arg>Open Chrome</arg>
</arguments>
<kw name="Open Chrome">
<kw name="Evaluate" library="BuiltIn">
<doc>Evaluates the given expression in Python and returns the result.</doc>
<arguments>
<arg>selenium.webdriver.ChromeOptions()</arg>
<arg>modules=selenium, selenium.webdriver</arg>
</arguments>
<assign>
<var>${chrome options}</var>
</assign>
<msg timestamp="20240128 15:09:15.966" level="INFO">${chrome options} = &lt;selenium.webdriver.chrome.options.Options object at 0x00000220520B8890&gt;</msg>
<status status="PASS" starttime="20240128 15:09:15.966" endtime="20240128 15:09:15.966"></status>
</kw>
<kw name="Call Method" library="BuiltIn">
<doc>Calls the named method of the given object with the provided arguments.</doc>
<arguments>
<arg>${chrome_options}</arg>
<arg>add_argument</arg>
<arg>--no-sandbox</arg>
</arguments>
<status status="PASS" starttime="20240128 15:09:15.966" endtime="20240128 15:09:15.967"></status>
</kw>
<kw name="Call Method" library="BuiltIn">
<doc>Calls the named method of the given object with the provided arguments.</doc>
<arguments>
<arg>${chrome_options}</arg>
<arg>add_argument</arg>
<arg>disable-gpu</arg>
</arguments>
<status status="PASS" starttime="20240128 15:09:15.967" endtime="20240128 15:09:15.967"></status>
</kw>
<kw name="Call Method" library="BuiltIn">
<doc>Calls the named method of the given object with the provided arguments.</doc>
<arguments>
<arg>${chrome_options}</arg>
<arg>add_argument</arg>
<arg>--ignore-certificate-errors</arg>
</arguments>
<status status="PASS" starttime="20240128 15:09:15.967" endtime="20240128 15:09:15.968"></status>
</kw>
<kw name="Call Method" library="BuiltIn">
<doc>Calls the named method of the given object with the provided arguments.</doc>
<arguments>
<arg>${chrome_options}</arg>
<arg>to_capabilities</arg>
</arguments>
<assign>
<var>${var}</var>
</assign>
<msg timestamp="20240128 15:09:15.968" level="INFO">${var} = {'browserName': 'chrome', 'pageLoadStrategy': 'normal', 'goog:chromeOptions': {'extensions': [], 'args': ['--no-sandbox', 'disable-gpu', '--ignore-certificate-errors']}}</msg>
<status status="PASS" starttime="20240128 15:09:15.968" endtime="20240128 15:09:15.969"></status>
</kw>
<kw name="Create Webdriver" library="SeleniumLibrary">
<doc>Creates an instance of Selenium WebDriver.</doc>
<arguments>
<arg>driver_name=Chrome</arg>
<arg>alias=google</arg>
<arg>chrome_options=${chrome_options}</arg>
</arguments>
<msg timestamp="20240128 15:09:15.969" level="INFO">Creating an instance of the Chrome WebDriver.</msg>
<status status="PASS" starttime="20240128 15:09:15.969" endtime="20240128 15:09:17.248"></status>
</kw>
<status status="PASS" starttime="20240128 15:09:15.965" endtime="20240128 15:09:17.248"></status>
</kw>
<status status="PASS" starttime="20240128 15:09:15.965" endtime="20240128 15:09:17.249"></status>
</kw>
<kw name="Go To" library="SeleniumLibrary">
<doc>Navigates the current browser window to the provided ``url``.</doc>
<arguments>
<arg>${url}</arg>
</arguments>
<msg timestamp="20240128 15:09:17.249" level="INFO">Opening url 'https://www.facebook.com'</msg>
<status status="PASS" starttime="20240128 15:09:17.249" endtime="20240128 15:09:20.850"></status>
</kw>
<kw name="Set Window Size" library="SeleniumLibrary">
<doc>Sets current windows size to given ``width`` and ``height``.</doc>
<arguments>
<arg>1920</arg>
<arg>1080</arg>
</arguments>
<status status="PASS" starttime="20240128 15:09:20.851" endtime="20240128 15:09:20.968"></status>
</kw>
<status status="PASS" starttime="20240128 15:09:15.965" endtime="20240128 15:09:20.970"></status>
</kw>
<kw name="Run Keyword And Return Status" library="BuiltIn">
<doc>Runs the given keyword with given arguments and returns the status as a Boolean value.</doc>
<arguments>
<arg>Wait Until Element Is Enabled</arg>
<arg>//button[@data-testid='cookie-policy-manage-dialog-decline-button']</arg>
<arg>timeout=2s</arg>
</arguments>
<assign>
<var>${isCookiesPopup}</var>
</assign>
<kw name="Wait Until Element Is Enabled" library="SeleniumLibrary">
<doc>Waits until the element ``locator`` is enabled.</doc>
<arguments>
<arg>//button[@data-testid='cookie-policy-manage-dialog-decline-button']</arg>
<arg>timeout=2s</arg>
</arguments>
<status status="PASS" starttime="20240128 15:09:20.970" endtime="20240128 15:09:21.006"></status>
</kw>
<msg timestamp="20240128 15:09:21.006" level="INFO">${isCookiesPopup} = True</msg>
<status status="PASS" starttime="20240128 15:09:20.970" endtime="20240128 15:09:21.006"></status>
</kw>
<kw name="Run Keyword Unless" library="BuiltIn">
<doc>Runs the given keyword with the given arguments if ``condition`` is false.</doc>
<arguments>
<arg>${isCookiesPopup}==${False}</arg>
<arg>Click Button</arg>
<arg>//button[@data-testid='cookie-policy-manage-dialog-decline-button']</arg>
</arguments>
<kw name="Click Button" library="SeleniumLibrary">
<doc>Clicks the button identified by ``locator``.</doc>
<arguments>
<arg>//button[@data-testid='cookie-policy-manage-dialog-decline-button']</arg>
</arguments>
<msg timestamp="20240128 15:09:21.007" level="INFO">Clicking button '//button[@data-testid='cookie-policy-manage-dialog-decline-button']'.</msg>
<status status="PASS" starttime="20240128 15:09:21.007" endtime="20240128 15:09:21.081"></status>
</kw>
<status status="PASS" starttime="20240128 15:09:21.007" endtime="20240128 15:09:21.081"></status>
</kw>
<kw name="Wait Until Element Is Visible" library="SeleniumLibrary">
<doc>Waits until the element ``locator`` is visible.</doc>
<arguments>
<arg>//ul[contains(@class, 'uiList localeSelectorList')]/li</arg>
</arguments>
<status status="PASS" starttime="20240128 15:09:21.081" endtime="20240128 15:09:21.105"></status>
</kw>
<kw name="Get Text" library="SeleniumLibrary">
<doc>Returns the text value of the element identified by ``locator``.</doc>
<arguments>
<arg>//ul[contains(@class, 'uiList localeSelectorList')]/li[1]</arg>
</arguments>
<assign>
<var>${curSelectedLang}</var>
</assign>
<msg timestamp="20240128 15:09:21.132" level="INFO">${curSelectedLang} = Français (France)</msg>
<status status="PASS" starttime="20240128 15:09:21.107" endtime="20240128 15:09:21.132"></status>
</kw>
<kw name="Run Keyword If" library="BuiltIn">
<doc>Runs the given keyword with the given arguments, if ``condition`` is true.</doc>
<arguments>
<arg>"${LANG}"=="fr" and "${curSelectedLang}"!="Français (France)"</arg>
<arg>Click Element</arg>
<arg>//a[contains(text(),"Français")]</arg>
<arg>ELSE IF</arg>
<arg>"${LANG}"=="en" and "${curSelectedLang}"!="English (US)"</arg>
<arg>Click Element</arg>
<arg>//a[contains(text(),"English")]</arg>
</arguments>
<status status="PASS" starttime="20240128 15:09:21.132" endtime="20240128 15:09:21.133"></status>
</kw>
<kw name="Run Keyword And Return Status" library="BuiltIn">
<doc>Runs the given keyword with given arguments and returns the status as a Boolean value.</doc>
<arguments>
<arg>Wait Until Element Is Enabled</arg>
<arg>//button[@data-testid='cookie-policy-manage-dialog-decline-button']</arg>
<arg>timeout=2s</arg>
</arguments>
<assign>
<var>${isCookiesPopup}</var>
</assign>
<kw name="Wait Until Element Is Enabled" library="SeleniumLibrary">
<doc>Waits until the element ``locator`` is enabled.</doc>
<arguments>
<arg>//button[@data-testid='cookie-policy-manage-dialog-decline-button']</arg>
<arg>timeout=2s</arg>
</arguments>
<status status="PASS" starttime="20240128 15:09:21.133" endtime="20240128 15:09:21.165"></status>
</kw>
<msg timestamp="20240128 15:09:21.166" level="INFO">${isCookiesPopup} = True</msg>
<status status="PASS" starttime="20240128 15:09:21.133" endtime="20240128 15:09:21.166"></status>
</kw>
<kw name="Run Keyword Unless" library="BuiltIn">
<doc>Runs the given keyword with the given arguments if ``condition`` is false.</doc>
<arguments>
<arg>${isCookiesPopup}==${False}</arg>
<arg>Click Button</arg>
<arg>//button[@data-testid='cookie-policy-manage-dialog-decline-button']</arg>
</arguments>
<kw name="Click Button" library="SeleniumLibrary">
<doc>Clicks the button identified by ``locator``.</doc>
<arguments>
<arg>//button[@data-testid='cookie-policy-manage-dialog-decline-button']</arg>
</arguments>
<msg timestamp="20240128 15:09:21.167" level="INFO">Clicking button '//button[@data-testid='cookie-policy-manage-dialog-decline-button']'.</msg>
<status status="PASS" starttime="20240128 15:09:21.167" endtime="20240128 15:09:21.229"></status>
</kw>
<status status="PASS" starttime="20240128 15:09:21.166" endtime="20240128 15:09:21.230"></status>
</kw>
<kw name="Log" library="BuiltIn">
<doc>Logs the given message with the given level.</doc>
<arguments>
<arg>\n****** Verifying Buttons contents in "${LANG}" ******</arg>
<arg>console=yes</arg>
</arguments>
<msg timestamp="20240128 15:09:21.230" level="INFO">
****** Verifying Buttons contents in "fr" ******</msg>
<status status="PASS" starttime="20240128 15:09:21.230" endtime="20240128 15:09:21.230"></status>
</kw>
<kw name="Wait Until Element Is Visible" library="SeleniumLibrary">
<doc>Waits until the element ``locator`` is visible.</doc>
<arguments>
<arg>//a[@data-testid='open-registration-form-button']</arg>
<arg>timeout=30s</arg>
</arguments>
<status status="PASS" starttime="20240128 15:09:21.230" endtime="20240128 15:09:21.277"></status>
</kw>
<kw name="Get Text" library="SeleniumLibrary">
<doc>Returns the text value of the element identified by ``locator``.</doc>
<arguments>
<arg>//a[@data-testid='open-registration-form-button']</arg>
</arguments>
<assign>
<var>${registrationBtn}</var>
</assign>
<msg timestamp="20240128 15:09:21.294" level="INFO">${registrationBtn} = Créer nouveau compte</msg>
<status status="PASS" starttime="20240128 15:09:21.278" endtime="20240128 15:09:21.294"></status>
</kw>
<kw name="Log" library="BuiltIn">
<doc>Logs the given message with the given level.</doc>
<arguments>
<arg>-----&gt; ${registrationBtn}</arg>
<arg>console=yes</arg>
</arguments>
<msg timestamp="20240128 15:09:21.294" level="INFO">-----&gt; Créer nouveau compte</msg>
<status status="PASS" starttime="20240128 15:09:21.294" endtime="20240128 15:09:21.296"></status>
</kw>
<kw name="Run Keyword And Continue On Failure" library="BuiltIn">
<doc>Runs the keyword and continues execution even if a failure occurs.</doc>
<arguments>
<arg>Should Be Equal As Strings</arg>
<arg>${registrationBtn}</arg>
<arg>${createNewAccountBtn['${LANG}']}</arg>
</arguments>
<kw name="Should Be Equal As Strings" library="BuiltIn">
<doc>Fails if objects are unequal after converting them to strings.</doc>
<arguments>
<arg>${registrationBtn}</arg>
<arg>${createNewAccountBtn['${LANG}']}</arg>
</arguments>
<status status="PASS" starttime="20240128 15:09:21.296" endtime="20240128 15:09:21.296"></status>
</kw>
<status status="PASS" starttime="20240128 15:09:21.296" endtime="20240128 15:09:21.296"></status>
</kw>
<kw name="Click Element" library="SeleniumLibrary">
<doc>Click the element identified by ``locator``.</doc>
<arguments>
<arg>//a[@data-testid='open-registration-form-button']</arg>
</arguments>
<msg timestamp="20240128 15:09:21.296" level="INFO">Clicking element '//a[@data-testid='open-registration-form-button']'.</msg>
<status status="PASS" starttime="20240128 15:09:21.296" endtime="20240128 15:09:21.348"></status>
</kw>
<kw name="Wait Until Element Is Enabled" library="SeleniumLibrary">
<doc>Waits until the element ``locator`` is enabled.</doc>
<arguments>
<arg>//input[@name='firstname']</arg>
</arguments>
<status status="PASS" starttime="20240128 15:09:21.348" endtime="20240128 15:09:22.043"></status>
</kw>
<kw name="Wait Until Element Is Enabled" library="SeleniumLibrary">
<doc>Waits until the element ``locator`` is enabled.</doc>
<arguments>
<arg>//input[@name='lastname']</arg>
</arguments>
<status status="PASS" starttime="20240128 15:09:22.043" endtime="20240128 15:09:22.075"></status>
</kw>
<kw name="Input Text" library="SeleniumLibrary">
<doc>Types the given ``text`` into the text field identified by ``locator``.</doc>
<arguments>
<arg>//input[@name='firstname']</arg>
<arg>Hassen</arg>
</arguments>
<msg timestamp="20240128 15:09:22.076" level="INFO">Typing text 'Hassen' into text field '//input[@name='firstname']'.</msg>
<status status="PASS" starttime="20240128 15:09:22.076" endtime="20240128 15:09:22.177"></status>
</kw>
<kw name="Input Text" library="SeleniumLibrary">
<doc>Types the given ``text`` into the text field identified by ``locator``.</doc>
<arguments>
<arg>//input[@name='lastname']</arg>
<arg>Smoklou</arg>
</arguments>
<msg timestamp="20240128 15:09:22.178" level="INFO">Typing text 'Smoklou' into text field '//input[@name='lastname']'.</msg>
<status status="PASS" starttime="20240128 15:09:22.178" endtime="20240128 15:09:22.285"></status>
</kw>
<kw name="Click Button" library="SeleniumLibrary">
<doc>Clicks the button identified by ``locator``.</doc>
<arguments>
<arg>//button[@name='websubmit']</arg>
</arguments>
<msg timestamp="20240128 15:09:22.285" level="INFO">Clicking button '//button[@name='websubmit']'.</msg>
<status status="PASS" starttime="20240128 15:09:22.285" endtime="20240128 15:09:22.374"></status>
</kw>
<kw name="Get Text" library="SeleniumLibrary">
<doc>Returns the text value of the element identified by ``locator``.</doc>
<arguments>
<arg>//button[@name='websubmit']</arg>
</arguments>
<assign>
<var>${websubmitBtn}</var>
</assign>
<msg timestamp="20240128 15:09:22.396" level="INFO">${websubmitBtn} = S’inscrire</msg>
<status status="PASS" starttime="20240128 15:09:22.378" endtime="20240128 15:09:22.396"></status>
</kw>
<kw name="Run Keyword And Continue On Failure" library="BuiltIn">
<doc>Runs the keyword and continues execution even if a failure occurs.</doc>
<arguments>
<arg>Should Be Equal As Strings</arg>
<arg>${websubmitBtn}</arg>
<arg>${signUpBtn['${LANG}']}</arg>
</arguments>
<kw name="Should Be Equal As Strings" library="BuiltIn">
<doc>Fails if objects are unequal after converting them to strings.</doc>
<arguments>
<arg>${websubmitBtn}</arg>
<arg>${signUpBtn['${LANG}']}</arg>
</arguments>
<status status="PASS" starttime="20240128 15:09:22.397" endtime="20240128 15:09:22.397"></status>
</kw>
<status status="PASS" starttime="20240128 15:09:22.397" endtime="20240128 15:09:22.397"></status>
</kw>
<kw name="Log" library="BuiltIn">
<doc>Logs the given message with the given level.</doc>
<arguments>
<arg>-----&gt; ${websubmitBtn}</arg>
<arg>console=yes</arg>
</arguments>
<msg timestamp="20240128 15:09:22.398" level="INFO">-----&gt; S’inscrire</msg>
<status status="PASS" starttime="20240128 15:09:22.398" endtime="20240128 15:09:22.398"></status>
</kw>
<kw name="Sleep" library="BuiltIn">
<doc>Pauses the test executed for the given time.</doc>
<arguments>
<arg>1s</arg>
</arguments>
<msg timestamp="20240128 15:09:23.398" level="INFO">Slept 1 second</msg>
<status status="PASS" starttime="20240128 15:09:22.398" endtime="20240128 15:09:23.398"></status>
</kw>
<kw name="Close Browser" library="SeleniumLibrary">
<doc>Closes the current browser.</doc>
<status status="PASS" starttime="20240128 15:09:23.399" endtime="20240128 15:09:25.547"></status>
</kw>
<tags>
<tag>Facebook</tag>
<tag>Transparency</tag>
</tags>
<status status="PASS" starttime="20240128 15:09:15.958" endtime="20240128 15:09:25.548" critical="yes"></status>
</test>
<status status="PASS" starttime="20240128 15:09:15.429" endtime="20240128 15:09:25.548"></status>
</suite>
<status status="PASS" starttime="20240128 15:09:15.412" endtime="20240128 15:09:25.549"></status>
</suite>
<statistics>
<total>
<stat pass="1" fail="0">Critical Tests</stat>
<stat pass="1" fail="0">All Tests</stat>
</total>
<tag>
<stat pass="1" fail="0">Facebook</stat>
<stat pass="1" fail="0">Transparency</stat>
</tag>
<suite>
<stat pass="1" fail="0" id="s1" name="Automation-Demo">Automation-Demo</stat>
<stat pass="1" fail="0" id="s1-s1" name="AdminDemo">Automation-Demo.AdminDemo</stat>
</suite>
</statistics>
<errors>
</errors>
</robot>
