<?xml version="1.0" encoding="UTF-8"?>
<robot generator="Robot 3.1.2 (Python 3.7.2 on win32)" generated="20230513 10:52:38.788" rpa="false">
<suite id="s1" name="Automation-Demo" source="C:\Users\Antec\eclipse-workspace\Automation-Demo">
<suite id="s1-s1" name="AdminDemo" source="C:\Users\Antec\eclipse-workspace\Automation-Demo\AdminDemo.robot">
<kw name="Set Locators From Json" type="setup">
<arguments>
<arg>AdminElements.json</arg>
</arguments>
<kw name="Get File" library="OperatingSystem">
<doc>Returns the contents of a specified file.</doc>
<arguments>
<arg>C:\\Users\\Antec\\eclipse-workspace\\Automation-Demo${/}Files${/}${pJsonFile}</arg>
</arguments>
<assign>
<var>${readJson}</var>
</assign>
<msg timestamp="20230513 10:52:41.488" level="INFO" html="yes">Getting file '&lt;a href="file://C:\Users\Antec\eclipse-workspace\Automation-Demo\Files\AdminElements.json"&gt;C:\Users\Antec\eclipse-workspace\Automation-Demo\Files\AdminElements.json&lt;/a&gt;'.</msg>
<msg timestamp="20230513 10:52:41.488" level="INFO">${readJson} = {
 	"Username": "id=inputTextUsername",
    "Password": "id=inputTextPassword",
    "Login": "id=buttonLogin",
    "StatusPage": "id=theForm:toolbarTitleWrap",
    "UserMenu": "id=theForm:userMenu",
 ...</msg>
<status status="PASS" starttime="20230513 10:52:41.487" endtime="20230513 10:52:41.488"></status>
</kw>
<kw name="Evaluate" library="BuiltIn">
<doc>Evaluates the given expression in Python and returns the results.</doc>
<arguments>
<arg>json.loads('''${readJson}''')</arg>
<arg>json</arg>
</arguments>
<assign>
<var>${AdminElement}</var>
</assign>
<msg timestamp="20230513 10:52:41.490" level="INFO">${AdminElement} = {'Username': 'id=inputTextUsername', 'Password': 'id=inputTextPassword', 'Login': 'id=buttonLogin', 'StatusPage': 'id=theForm:toolbarTitleWrap', 'UserMenu': 'id=theForm:userMenu', 'Logout': "//span[co...</msg>
<status status="PASS" starttime="20230513 10:52:41.489" endtime="20230513 10:52:41.490"></status>
</kw>
<kw name="Set Suite Variable" library="BuiltIn">
<doc>Makes a variable available everywhere within the scope of the current suite.</doc>
<arguments>
<arg>${AdminElement}</arg>
</arguments>
<msg timestamp="20230513 10:52:41.491" level="INFO">${AdminElement} = {'Username': 'id=inputTextUsername', 'Password': 'id=inputTextPassword', 'Login': 'id=buttonLogin', 'StatusPage': 'id=theForm:toolbarTitleWrap', 'UserMenu': 'id=theForm:userMenu', 'Logout': "//span[co...</msg>
<status status="PASS" starttime="20230513 10:52:41.490" endtime="20230513 10:52:41.491"></status>
</kw>
<status status="PASS" starttime="20230513 10:52:41.463" endtime="20230513 10:52:41.491"></status>
</kw>
<test id="s1-s1-t1" name="Test Github actions">
<kw name="Open JMap Admin" type="setup">
<arguments>
<arg>${URLAdmin}</arg>
</arguments>
<kw name="Open Browser" library="SeleniumLibrary">
<doc>Opens a new browser instance to the given ``url``.</doc>
<arguments>
<arg>${url}</arg>
<arg>${BROWSER}</arg>
</arguments>
<msg timestamp="20230513 10:52:41.493" level="INFO">Opening browser 'Chrome' to base url 'http://54.39.78.142:8080'.</msg>
<status status="PASS" starttime="20230513 10:52:41.493" endtime="20230513 10:52:48.861"></status>
</kw>
<kw name="Maximize Browser Window" library="SeleniumLibrary">
<doc>Maximizes current browser window.</doc>
<status status="PASS" starttime="20230513 10:52:48.861" endtime="20230513 10:52:48.976"></status>
</kw>
<status status="PASS" starttime="20230513 10:52:41.492" endtime="20230513 10:52:48.976"></status>
</kw>
<kw name="Log" library="BuiltIn">
<doc>Logs the given message with the given level.</doc>
<arguments>
<arg>\n-----&gt; Actual ENV: ${ENV}</arg>
<arg>console=yes</arg>
</arguments>
<msg timestamp="20230513 10:52:48.977" level="INFO">
-----&gt; Actual ENV: ta</msg>
<status status="PASS" starttime="20230513 10:52:48.977" endtime="20230513 10:52:48.977"></status>
</kw>
<kw name="Log" library="BuiltIn">
<doc>Logs the given message with the given level.</doc>
<arguments>
<arg>-----&gt; Actual BROWSER: ${BROWSER}</arg>
<arg>console=yes</arg>
</arguments>
<msg timestamp="20230513 10:52:48.978" level="INFO">-----&gt; Actual BROWSER: Chrome</msg>
<status status="PASS" starttime="20230513 10:52:48.978" endtime="20230513 10:52:48.978"></status>
</kw>
<kw name="Log" library="BuiltIn">
<doc>Logs the given message with the given level.</doc>
<arguments>
<arg>-----&gt; Actual LANG: ${LANG}</arg>
<arg>console=yes</arg>
</arguments>
<msg timestamp="20230513 10:52:48.979" level="INFO">-----&gt; Actual LANG: en</msg>
<status status="PASS" starttime="20230513 10:52:48.979" endtime="20230513 10:52:48.980"></status>
</kw>
<kw name="Close Browser" library="SeleniumLibrary" type="teardown">
<doc>Closes the current browser.</doc>
<status status="PASS" starttime="20230513 10:52:48.980" endtime="20230513 10:52:51.049"></status>
</kw>
<status status="PASS" starttime="20230513 10:52:41.491" endtime="20230513 10:52:51.049" critical="yes"></status>
</test>
<test id="s1-s1-t2" name="Login_with_valid_credentials">
<kw name="Open JMap Admin" type="setup">
<arguments>
<arg>${URLAdmin}</arg>
</arguments>
<kw name="Open Browser" library="SeleniumLibrary">
<doc>Opens a new browser instance to the given ``url``.</doc>
<arguments>
<arg>${url}</arg>
<arg>${BROWSER}</arg>
</arguments>
<msg timestamp="20230513 10:52:51.052" level="INFO">Opening browser 'Chrome' to base url 'http://54.39.78.142:8080'.</msg>
<status status="PASS" starttime="20230513 10:52:51.052" endtime="20230513 10:52:56.550"></status>
</kw>
<kw name="Maximize Browser Window" library="SeleniumLibrary">
<doc>Maximizes current browser window.</doc>
<status status="PASS" starttime="20230513 10:52:56.551" endtime="20230513 10:52:56.665"></status>
</kw>
<status status="PASS" starttime="20230513 10:52:51.051" endtime="20230513 10:52:56.665"></status>
</kw>
<kw name="Login With Creddentials">
<arguments>
<arg>${USERNAME}</arg>
<arg>${PASSWORD}</arg>
</arguments>
<kw name="Log" library="BuiltIn">
<doc>Logs the given message with the given level.</doc>
<arguments>
<arg>${AdminElement["Username"]}</arg>
</arguments>
<msg timestamp="20230513 10:52:56.667" level="INFO">id=inputTextUsername</msg>
<status status="PASS" starttime="20230513 10:52:56.667" endtime="20230513 10:52:56.667"></status>
</kw>
<kw name="Wait Until Element Is Visible" library="SeleniumLibrary">
<doc>Waits until element ``locator`` is visible.</doc>
<arguments>
<arg>${AdminElement["Username"]}</arg>
<arg>7s</arg>
</arguments>
<status status="PASS" starttime="20230513 10:52:56.668" endtime="20230513 10:52:56.709"></status>
</kw>
<kw name="Input Text" library="SeleniumLibrary">
<doc>Types the given ``text`` into text field identified by ``locator``.</doc>
<arguments>
<arg>${AdminElement["Username"]}</arg>
<arg>${pUSERNAME}</arg>
</arguments>
<msg timestamp="20230513 10:52:56.710" level="INFO">Typing text 'demo' into text field 'id=inputTextUsername'.</msg>
<status status="PASS" starttime="20230513 10:52:56.709" endtime="20230513 10:52:56.803"></status>
</kw>
<kw name="Input Text" library="SeleniumLibrary">
<doc>Types the given ``text`` into text field identified by ``locator``.</doc>
<arguments>
<arg>${AdminElement["Password"]}</arg>
<arg>${pPASSWORD}</arg>
</arguments>
<msg timestamp="20230513 10:52:56.804" level="INFO">Typing text 'demo' into text field 'id=inputTextPassword'.</msg>
<status status="PASS" starttime="20230513 10:52:56.804" endtime="20230513 10:52:56.912"></status>
</kw>
<kw name="Click Button" library="SeleniumLibrary">
<doc>Clicks button identified by ``locator``.</doc>
<arguments>
<arg>${AdminElement["Login"]}</arg>
</arguments>
<msg timestamp="20230513 10:52:56.913" level="INFO">Clicking button 'id=buttonLogin'.</msg>
<status status="PASS" starttime="20230513 10:52:56.913" endtime="20230513 10:52:56.990"></status>
</kw>
<status status="PASS" starttime="20230513 10:52:56.666" endtime="20230513 10:52:56.990"></status>
</kw>
<kw name="Verify That The Initial Page Is">
<arguments>
<arg>Status</arg>
</arguments>
<kw name="Wait Until Element Is Visible" library="SeleniumLibrary">
<doc>Waits until element ``locator`` is visible.</doc>
<arguments>
<arg>${AdminElement["StatusPage"]}</arg>
<arg>7s</arg>
</arguments>
<status status="PASS" starttime="20230513 10:52:56.991" endtime="20230513 10:52:58.723"></status>
</kw>
<kw name="Run Keyword And Continue On Failure" library="BuiltIn">
<doc>Runs the keyword and continues execution even if a failure occurs.</doc>
<arguments>
<arg>Element Should Contain</arg>
<arg>${AdminElement["StatusPage"]}</arg>
<arg>${text}</arg>
</arguments>
<kw name="Element Should Contain" library="SeleniumLibrary">
<doc>Verifies that element ``locator`` contains text ``expected``.</doc>
<arguments>
<arg>${AdminElement["StatusPage"]}</arg>
<arg>${text}</arg>
</arguments>
<msg timestamp="20230513 10:52:58.752" level="INFO">Element 'id=theForm:toolbarTitleWrap' contains text 'Status'.</msg>
<status status="PASS" starttime="20230513 10:52:58.724" endtime="20230513 10:52:58.752"></status>
</kw>
<status status="PASS" starttime="20230513 10:52:58.723" endtime="20230513 10:52:58.752"></status>
</kw>
<status status="PASS" starttime="20230513 10:52:56.991" endtime="20230513 10:52:58.753"></status>
</kw>
<kw name="Logout From JMap Admin">
<kw name="Wait Until Element Is Visible" library="SeleniumLibrary">
<doc>Waits until element ``locator`` is visible.</doc>
<arguments>
<arg>${AdminElement["UserMenu"]}</arg>
<arg>7s</arg>
</arguments>
<status status="PASS" starttime="20230513 10:52:58.753" endtime="20230513 10:52:58.781"></status>
</kw>
<kw name="Click Element" library="SeleniumLibrary">
<doc>Click element identified by ``locator``.</doc>
<arguments>
<arg>${AdminElement["UserMenu"]}</arg>
</arguments>
<msg timestamp="20230513 10:52:58.782" level="INFO">Clicking element 'id=theForm:userMenu'.</msg>
<status status="PASS" starttime="20230513 10:52:58.781" endtime="20230513 10:52:58.838"></status>
</kw>
<kw name="Wait Until Element Is Visible" library="SeleniumLibrary">
<doc>Waits until element ``locator`` is visible.</doc>
<arguments>
<arg>${AdminElement["Logout"]}</arg>
<arg>7s</arg>
</arguments>
<status status="PASS" starttime="20230513 10:52:58.839" endtime="20230513 10:52:58.868"></status>
</kw>
<kw name="Click Element" library="SeleniumLibrary">
<doc>Click element identified by ``locator``.</doc>
<arguments>
<arg>${AdminElement["Logout"]}</arg>
</arguments>
<msg timestamp="20230513 10:52:58.869" level="INFO">Clicking element '//span[contains(text(),'Logout')]'.</msg>
<status status="PASS" starttime="20230513 10:52:58.868" endtime="20230513 10:52:58.921"></status>
</kw>
<kw name="Sleep" library="BuiltIn">
<doc>Pauses the test executed for the given time.</doc>
<arguments>
<arg>2s</arg>
</arguments>
<msg timestamp="20230513 10:53:00.922" level="INFO">Slept 2 seconds</msg>
<status status="PASS" starttime="20230513 10:52:58.921" endtime="20230513 10:53:00.922"></status>
</kw>
<status status="PASS" starttime="20230513 10:52:58.753" endtime="20230513 10:53:00.923"></status>
</kw>
<kw name="Close Browser" library="SeleniumLibrary" type="teardown">
<doc>Closes the current browser.</doc>
<status status="PASS" starttime="20230513 10:53:00.923" endtime="20230513 10:53:03.013"></status>
</kw>
<status status="PASS" starttime="20230513 10:52:51.050" endtime="20230513 10:53:03.014" critical="yes"></status>
</test>
<status status="PASS" starttime="20230513 10:52:38.982" endtime="20230513 10:53:03.015"></status>
</suite>
<status status="PASS" starttime="20230513 10:52:38.941" endtime="20230513 10:53:03.019"></status>
</suite>
<statistics>
<total>
<stat pass="2" fail="0">Critical Tests</stat>
<stat pass="2" fail="0">All Tests</stat>
</total>
<tag>
</tag>
<suite>
<stat pass="2" fail="0" id="s1" name="Automation-Demo">Automation-Demo</stat>
<stat pass="2" fail="0" id="s1-s1" name="AdminDemo">Automation-Demo.AdminDemo</stat>
</suite>
</statistics>
<errors>
</errors>
</robot>
