<?xml version="1.0" encoding="UTF-8"?>
<robot generator="Robot 3.1.2 (Python 3.7.3 on win32)" generated="20191201 15:42:17.444" rpa="false">
<suite id="s1" name="AdminDemo" source="C:\Users\Corallo\eclipse-workspace\AutomationDemo\AdminDemo.robot">
<kw name="Set Locators From Json" type="setup">
<arguments>
<arg>AdminElements.json</arg>
</arguments>
<kw name="Get File" library="OperatingSystem">
<doc>Returns the contents of a specified file.</doc>
<arguments>
<arg>C:\\Users\\Corallo\\eclipse-workspace\\AutomationDemo${/}Files${/}${pJsonFile}</arg>
</arguments>
<assign>
<var>${readJson}</var>
</assign>
<msg timestamp="20191201 15:42:20.997" level="INFO" html="yes">Getting file '&lt;a href="file://C:\Users\Corallo\eclipse-workspace\AutomationDemo\Files\AdminElements.json"&gt;C:\Users\Corallo\eclipse-workspace\AutomationDemo\Files\AdminElements.json&lt;/a&gt;'.</msg>
<msg timestamp="20191201 15:42:20.998" level="INFO">${readJson} = {
 	"Username": "id=inputTextUsername",
    "Password": "id=inputTextPassword",
    "Login": "id=buttonLogin",
    "StatusPage": "id=theForm:toolbarTitleWrap",
    "UserMenu": "id=theForm:userMenu",
 ...</msg>
<status status="PASS" starttime="20191201 15:42:20.997" endtime="20191201 15:42:20.998"></status>
</kw>
<kw name="Evaluate" library="BuiltIn">
<doc>Evaluates the given expression in Python and returns the results.</doc>
<arguments>
<arg>json.loads('''${readJson}''')</arg>
<arg>json</arg>
</arguments>
<assign>
<var>${AdminElement}</var>
</assign>
<msg timestamp="20191201 15:42:20.999" level="INFO">${AdminElement} = {'Username': 'id=inputTextUsername', 'Password': 'id=inputTextPassword', 'Login': 'id=buttonLogin', 'StatusPage': 'id=theForm:toolbarTitleWrap', 'UserMenu': 'id=theForm:userMenu', 'Logout': "//div[@id...</msg>
<status status="PASS" starttime="20191201 15:42:20.998" endtime="20191201 15:42:20.999"></status>
</kw>
<kw name="Set Suite Variable" library="BuiltIn">
<doc>Makes a variable available everywhere within the scope of the current suite.</doc>
<arguments>
<arg>${AdminElement}</arg>
</arguments>
<msg timestamp="20191201 15:42:20.999" level="INFO">${AdminElement} = {'Username': 'id=inputTextUsername', 'Password': 'id=inputTextPassword', 'Login': 'id=buttonLogin', 'StatusPage': 'id=theForm:toolbarTitleWrap', 'UserMenu': 'id=theForm:userMenu', 'Logout': "//div[@id...</msg>
<status status="PASS" starttime="20191201 15:42:20.999" endtime="20191201 15:42:20.999"></status>
</kw>
<status status="PASS" starttime="20191201 15:42:20.997" endtime="20191201 15:42:20.999"></status>
</kw>
<test id="s1-t1" name="Login_with_valid_credentials">
<kw name="Open JMap Admin" type="setup">
<arguments>
<arg>${URLAdmin}</arg>
</arguments>
<kw name="Open Browser" library="SeleniumLibrary">
<doc>Opens a new browser instance to the given ``url``.</doc>
<arguments>
<arg>${url}</arg>
<arg>Chrome</arg>
</arguments>
<msg timestamp="20191201 15:42:21.001" level="INFO">Opening browser 'Chrome' to base url 'http://formation1.jmaponline.net:8080'.</msg>
<status status="PASS" starttime="20191201 15:42:21.001" endtime="20191201 15:42:52.227"></status>
</kw>
<kw name="Maximize Browser Window" library="SeleniumLibrary">
<doc>Maximizes current browser window.</doc>
<status status="PASS" starttime="20191201 15:42:52.228" endtime="20191201 15:42:53.830"></status>
</kw>
<status status="PASS" starttime="20191201 15:42:21.000" endtime="20191201 15:42:53.830"></status>
</kw>
<kw name="Login With Creddentials">
<arguments>
<arg>${USERNAME}</arg>
<arg>${PASSWORD}</arg>
</arguments>
<kw name="Log" library="BuiltIn">
<doc>Logs the given message with the given level.</doc>
<arguments>
<arg>${AdminElement["Username"]}</arg>
</arguments>
<msg timestamp="20191201 15:42:53.832" level="INFO">id=inputTextUsername</msg>
<status status="PASS" starttime="20191201 15:42:53.831" endtime="20191201 15:42:53.832"></status>
</kw>
<kw name="Wait Until Element Is Visible" library="SeleniumLibrary">
<doc>Waits until element ``locator`` is visible.</doc>
<arguments>
<arg>${AdminElement["Username"]}</arg>
<arg>7s</arg>
</arguments>
<status status="PASS" starttime="20191201 15:42:53.832" endtime="20191201 15:42:53.890"></status>
</kw>
<kw name="Input Text" library="SeleniumLibrary">
<doc>Types the given ``text`` into text field identified by ``locator``.</doc>
<arguments>
<arg>${AdminElement["Username"]}</arg>
<arg>${pUSERNAME}</arg>
</arguments>
<msg timestamp="20191201 15:42:53.891" level="INFO">Typing text 'administrator' into text field 'id=inputTextUsername'.</msg>
<status status="PASS" starttime="20191201 15:42:53.890" endtime="20191201 15:42:54.219"></status>
</kw>
<kw name="Input Text" library="SeleniumLibrary">
<doc>Types the given ``text`` into text field identified by ``locator``.</doc>
<arguments>
<arg>${AdminElement["Password"]}</arg>
<arg>${pPASSWORD}</arg>
</arguments>
<msg timestamp="20191201 15:42:54.220" level="INFO">Typing text '' into text field 'id=inputTextPassword'.</msg>
<status status="PASS" starttime="20191201 15:42:54.220" endtime="20191201 15:42:54.375"></status>
</kw>
<kw name="Click Button" library="SeleniumLibrary">
<doc>Clicks button identified by ``locator``.</doc>
<arguments>
<arg>${AdminElement["Login"]}</arg>
</arguments>
<msg timestamp="20191201 15:42:54.375" level="INFO">Clicking button 'id=buttonLogin'.</msg>
<status status="PASS" starttime="20191201 15:42:54.375" endtime="20191201 15:42:54.675"></status>
</kw>
<status status="PASS" starttime="20191201 15:42:53.831" endtime="20191201 15:42:54.675"></status>
</kw>
<kw name="Verify That The Initial Page Is">
<arguments>
<arg>Status</arg>
</arguments>
<kw name="Wait Until Element Is Visible" library="SeleniumLibrary">
<doc>Waits until element ``locator`` is visible.</doc>
<arguments>
<arg>${AdminElement["StatusPage"]}</arg>
<arg>7s</arg>
</arguments>
<status status="PASS" starttime="20191201 15:42:54.676" endtime="20191201 15:42:59.292"></status>
</kw>
<kw name="Run Keyword And Continue On Failure" library="BuiltIn">
<doc>Runs the keyword and continues execution even if a failure occurs.</doc>
<arguments>
<arg>Element Should Contain</arg>
<arg>${AdminElement["StatusPage"]}</arg>
<arg>${text}</arg>
</arguments>
<kw name="Element Should Contain" library="SeleniumLibrary">
<doc>Verifies that element ``locator`` contains text ``expected``.</doc>
<arguments>
<arg>${AdminElement["StatusPage"]}</arg>
<arg>${text}</arg>
</arguments>
<msg timestamp="20191201 15:42:59.330" level="INFO">Element 'id=theForm:toolbarTitleWrap' contains text 'Status'.</msg>
<status status="PASS" starttime="20191201 15:42:59.293" endtime="20191201 15:42:59.330"></status>
</kw>
<status status="PASS" starttime="20191201 15:42:59.292" endtime="20191201 15:42:59.330"></status>
</kw>
<status status="PASS" starttime="20191201 15:42:54.676" endtime="20191201 15:42:59.330"></status>
</kw>
<kw name="Logout From JMap Admin">
<kw name="Wait Until Element Is Visible" library="SeleniumLibrary">
<doc>Waits until element ``locator`` is visible.</doc>
<arguments>
<arg>${AdminElement["UserMenu"]}</arg>
<arg>7s</arg>
</arguments>
<status status="PASS" starttime="20191201 15:42:59.331" endtime="20191201 15:42:59.461"></status>
</kw>
<kw name="Click Element" library="SeleniumLibrary">
<doc>Click element identified by ``locator``.</doc>
<arguments>
<arg>${AdminElement["UserMenu"]}</arg>
</arguments>
<msg timestamp="20191201 15:42:59.462" level="INFO">Clicking element 'id=theForm:userMenu'.</msg>
<status status="PASS" starttime="20191201 15:42:59.461" endtime="20191201 15:42:59.624"></status>
</kw>
<kw name="Wait Until Element Is Visible" library="SeleniumLibrary">
<doc>Waits until element ``locator`` is visible.</doc>
<arguments>
<arg>${AdminElement["Logout"]}</arg>
<arg>7s</arg>
</arguments>
<status status="PASS" starttime="20191201 15:42:59.624" endtime="20191201 15:43:00.165"></status>
</kw>
<kw name="Click Element" library="SeleniumLibrary">
<doc>Click element identified by ``locator``.</doc>
<arguments>
<arg>${AdminElement["Logout"]}</arg>
</arguments>
<msg timestamp="20191201 15:43:00.166" level="INFO">Clicking element '//div[@id='theForm:j_idt70']//li[2]/a[1]'.</msg>
<status status="PASS" starttime="20191201 15:43:00.166" endtime="20191201 15:43:00.318"></status>
</kw>
<kw name="Sleep" library="BuiltIn">
<doc>Pauses the test executed for the given time.</doc>
<arguments>
<arg>2s</arg>
</arguments>
<msg timestamp="20191201 15:43:02.320" level="INFO">Slept 2 seconds</msg>
<status status="PASS" starttime="20191201 15:43:00.319" endtime="20191201 15:43:02.320"></status>
</kw>
<kw name="Close Browser" library="SeleniumLibrary">
<doc>Closes the current browser.</doc>
<status status="PASS" starttime="20191201 15:43:02.320" endtime="20191201 15:43:07.915"></status>
</kw>
<status status="PASS" starttime="20191201 15:42:59.330" endtime="20191201 15:43:07.915"></status>
</kw>
<status status="PASS" starttime="20191201 15:42:21.000" endtime="20191201 15:43:07.916" critical="yes"></status>
</test>
<status status="PASS" starttime="20191201 15:42:17.447" endtime="20191201 15:43:07.917"></status>
</suite>
<statistics>
<total>
<stat pass="1" fail="0">Critical Tests</stat>
<stat pass="1" fail="0">All Tests</stat>
</total>
<tag>
</tag>
<suite>
<stat pass="1" fail="0" id="s1" name="AdminDemo">AdminDemo</stat>
</suite>
</statistics>
<errors>
</errors>
</robot>
