<?xml version="1.0" encoding="UTF-8"?>
<robot generator="Robot 3.2.2 (Python 3.12.1 on linux)" generated="20260308 19:30:28.093" rpa="false">
<suite id="s1" name="Tests" source="/home/runner/work/Automation-Demo/Automation-Demo/Tests">
<suite id="s1-s1" name="DemoTests" source="/home/runner/work/Automation-Demo/Automation-Demo/Tests/DemoTests">
<suite id="s1-s1-s1" name="AdminDemo" source="/home/runner/work/Automation-Demo/Automation-Demo/Tests/DemoTests/AdminDemo.robot">
<test id="s1-s1-s1-t1" name="Test Github actions">
<kw name="Log" library="BuiltIn">
<doc>Logs the given message with the given level.</doc>
<arguments>
<arg>\n-----&gt; Actual ENV: ${ENV}</arg>
<arg>console=yes</arg>
</arguments>
<msg timestamp="20260308 19:30:28.657" level="INFO">
-----&gt; Actual ENV: pp</msg>
<status status="PASS" starttime="20260308 19:30:28.656" endtime="20260308 19:30:28.657"></status>
</kw>
<kw name="Log" library="BuiltIn">
<doc>Logs the given message with the given level.</doc>
<arguments>
<arg>-----&gt; Actual LANG: ${LANG}</arg>
<arg>console=yes</arg>
</arguments>
<msg timestamp="20260308 19:30:28.657" level="INFO">-----&gt; Actual LANG: fr</msg>
<status status="PASS" starttime="20260308 19:30:28.657" endtime="20260308 19:30:28.657"></status>
</kw>
<kw name="Log" library="BuiltIn">
<doc>Logs the given message with the given level.</doc>
<arguments>
<arg>-----&gt; Actual BROWSER: ${BROWSER}</arg>
<arg>console=yes</arg>
</arguments>
<msg timestamp="20260308 19:30:28.657" level="INFO">-----&gt; Actual BROWSER: Chrome</msg>
<status status="PASS" starttime="20260308 19:30:28.657" endtime="20260308 19:30:28.657"></status>
</kw>
<kw name="Log" library="BuiltIn">
<doc>Logs the given message with the given level.</doc>
<arguments>
<arg>-----&gt; Actual TE: ${NEW_TE}</arg>
<arg>console=yes</arg>
</arguments>
<msg timestamp="20260308 19:30:28.658" level="INFO">-----&gt; Actual TE: </msg>
<status status="PASS" starttime="20260308 19:30:28.658" endtime="20260308 19:30:28.658"></status>
</kw>
<kw name="Log" library="BuiltIn">
<doc>Logs the given message with the given level.</doc>
<arguments>
<arg>-----&gt; USE JIRA: ${USE_JIRA}</arg>
<arg>console=yes</arg>
</arguments>
<msg timestamp="20260308 19:30:28.658" level="INFO">-----&gt; USE JIRA: false</msg>
<status status="PASS" starttime="20260308 19:30:28.658" endtime="20260308 19:30:28.658"></status>
</kw>
<kw name="Log" library="BuiltIn">
<doc>Logs the given message with the given level.</doc>
<arguments>
<arg>-----&gt; JIRA TOKEN: ${JIRA_TOKEN}</arg>
<arg>console=yes</arg>
</arguments>
<msg timestamp="20260308 19:30:28.658" level="INFO">-----&gt; JIRA TOKEN: DF65778SDV989FVNC1-KDF</msg>
<status status="PASS" starttime="20260308 19:30:28.658" endtime="20260308 19:30:28.658"></status>
</kw>
<tags>
<tag>JMap</tag>
<tag>Transparency</tag>
</tags>
<status status="PASS" starttime="20260308 19:30:28.656" endtime="20260308 19:30:28.659" critical="yes"></status>
</test>
<test id="s1-s1-s1-t2" name="Open Facbook Test">
<kw name="Log" library="BuiltIn">
<doc>Logs the given message with the given level.</doc>
<arguments>
<arg>\n-----&gt; Open Facebook:</arg>
<arg>console=yes</arg>
</arguments>
<msg timestamp="20260308 19:30:28.659" level="INFO">
-----&gt; Open Facebook:</msg>
<status status="PASS" starttime="20260308 19:30:28.659" endtime="20260308 19:30:28.660"></status>
</kw>
<kw name="Log" library="BuiltIn">
<doc>Logs the given message with the given level.</doc>
<arguments>
<arg>-----&gt; Actual ENV: ${ENV}</arg>
<arg>console=yes</arg>
</arguments>
<msg timestamp="20260308 19:30:28.660" level="INFO">-----&gt; Actual ENV: pp</msg>
<status status="PASS" starttime="20260308 19:30:28.660" endtime="20260308 19:30:28.660"></status>
</kw>
<kw name="Log" library="BuiltIn">
<doc>Logs the given message with the given level.</doc>
<arguments>
<arg>-----&gt; Actual LANG: ${LANG}</arg>
<arg>console=yes</arg>
</arguments>
<msg timestamp="20260308 19:30:28.660" level="INFO">-----&gt; Actual LANG: fr</msg>
<status status="PASS" starttime="20260308 19:30:28.660" endtime="20260308 19:30:28.660"></status>
</kw>
<kw name="Log" library="BuiltIn">
<doc>Logs the given message with the given level.</doc>
<arguments>
<arg>-----&gt; Actual BROWSER: ${BROWSER}</arg>
<arg>console=yes</arg>
</arguments>
<msg timestamp="20260308 19:30:28.661" level="INFO">-----&gt; Actual BROWSER: Chrome</msg>
<status status="PASS" starttime="20260308 19:30:28.660" endtime="20260308 19:30:28.661"></status>
</kw>
<kw name="Log" library="BuiltIn">
<doc>Logs the given message with the given level.</doc>
<arguments>
<arg>-----&gt; Actual TE: ${NEW_TE}</arg>
<arg>console=yes</arg>
</arguments>
<msg timestamp="20260308 19:30:28.661" level="INFO">-----&gt; Actual TE: </msg>
<status status="PASS" starttime="20260308 19:30:28.661" endtime="20260308 19:30:28.661"></status>
</kw>
<kw name="Log" library="BuiltIn">
<doc>Logs the given message with the given level.</doc>
<arguments>
<arg>-----&gt; USE JIRA: ${USE_JIRA}</arg>
<arg>console=yes</arg>
</arguments>
<msg timestamp="20260308 19:30:28.661" level="INFO">-----&gt; USE JIRA: false</msg>
<status status="PASS" starttime="20260308 19:30:28.661" endtime="20260308 19:30:28.661"></status>
</kw>
<kw name="Create Dictionary" library="BuiltIn">
<doc>Creates and returns a dictionary based on the given ``items``.</doc>
<arguments>
<arg>en=Create new account</arg>
<arg>fr=Créer nouveau compte</arg>
</arguments>
<assign>
<var>&amp;{createNewAccountBtn}</var>
</assign>
<msg timestamp="20260308 19:30:28.662" level="INFO">&amp;{createNewAccountBtn} = { en=Create new account | fr=Créer nouveau compte }</msg>
<status status="PASS" starttime="20260308 19:30:28.662" endtime="20260308 19:30:28.662"></status>
</kw>
<kw name="Create Dictionary" library="BuiltIn">
<doc>Creates and returns a dictionary based on the given ``items``.</doc>
<arguments>
<arg>en=Sign Up</arg>
<arg>fr=S’inscrire</arg>
</arguments>
<assign>
<var>&amp;{signUpBtn}</var>
</assign>
<msg timestamp="20260308 19:30:28.662" level="INFO">&amp;{signUpBtn} = { en=Sign Up | fr=S’inscrire }</msg>
<status status="PASS" starttime="20260308 19:30:28.662" endtime="20260308 19:30:28.662"></status>
</kw>
<kw name="Open Url">
<arguments>
<arg>https://www.facebook.com</arg>
</arguments>
<kw name="Run Keyword If" library="BuiltIn">
<doc>Runs the given keyword with the given arguments, if ``condition`` is true.</doc>
<arguments>
<arg>'${BROWSER}'=='Chrome'</arg>
<arg>Open Chrome</arg>
</arguments>
<kw name="Open Chrome">
<kw name="Evaluate" library="BuiltIn">
<doc>Evaluates the given expression in Python and returns the result.</doc>
<arguments>
<arg>selenium.webdriver.ChromeOptions()</arg>
<arg>modules=selenium, selenium.webdriver</arg>
</arguments>
<assign>
<var>${chrome options}</var>
</assign>
<msg timestamp="20260308 19:30:28.663" level="INFO">${chrome options} = &lt;selenium.webdriver.chrome.options.Options object at 0x7f748eeb52b0&gt;</msg>
<status status="PASS" starttime="20260308 19:30:28.663" endtime="20260308 19:30:28.663"></status>
</kw>
<kw name="Run Keyword If" library="BuiltIn">
<doc>Runs the given keyword with the given arguments, if ``condition`` is true.</doc>
<arguments>
<arg>${USE_BROWSER}==${False}</arg>
<arg>Call Method</arg>
<arg>${chrome_options}</arg>
<arg>add_argument</arg>
<arg>headless</arg>
</arguments>
<kw name="Call Method" library="BuiltIn">
<doc>Calls the named method of the given object with the provided arguments.</doc>
<arguments>
<arg>${chrome_options}</arg>
<arg>add_argument</arg>
<arg>headless</arg>
</arguments>
<status status="PASS" starttime="20260308 19:30:28.663" endtime="20260308 19:30:28.663"></status>
</kw>
<status status="PASS" starttime="20260308 19:30:28.663" endtime="20260308 19:30:28.663"></status>
</kw>
<kw name="Call Method" library="BuiltIn">
<doc>Calls the named method of the given object with the provided arguments.</doc>
<arguments>
<arg>${chrome_options}</arg>
<arg>add_argument</arg>
<arg>--no-sandbox</arg>
</arguments>
<status status="PASS" starttime="20260308 19:30:28.663" endtime="20260308 19:30:28.664"></status>
</kw>
<kw name="Call Method" library="BuiltIn">
<doc>Calls the named method of the given object with the provided arguments.</doc>
<arguments>
<arg>${chrome_options}</arg>
<arg>add_argument</arg>
<arg>disable-gpu</arg>
</arguments>
<status status="PASS" starttime="20260308 19:30:28.664" endtime="20260308 19:30:28.664"></status>
</kw>
<kw name="Call Method" library="BuiltIn">
<doc>Calls the named method of the given object with the provided arguments.</doc>
<arguments>
<arg>${chrome_options}</arg>
<arg>add_argument</arg>
<arg>--ignore-certificate-errors</arg>
</arguments>
<status status="PASS" starttime="20260308 19:30:28.664" endtime="20260308 19:30:28.664"></status>
</kw>
<kw name="Call Method" library="BuiltIn">
<doc>Calls the named method of the given object with the provided arguments.</doc>
<arguments>
<arg>${chrome_options}</arg>
<arg>to_capabilities</arg>
</arguments>
<assign>
<var>${var}</var>
</assign>
<msg timestamp="20260308 19:30:28.664" level="INFO">${var} = {'browserName': 'chrome', 'pageLoadStrategy': 'normal', 'goog:chromeOptions': {'extensions': [], 'args': ['headless', '--no-sandbox', 'disable-gpu', '--ignore-certificate-errors']}}</msg>
<status status="PASS" starttime="20260308 19:30:28.664" endtime="20260308 19:30:28.664"></status>
</kw>
<kw name="Create Webdriver" library="SeleniumLibrary">
<doc>Creates an instance of Selenium WebDriver.</doc>
<arguments>
<arg>driver_name=Chrome</arg>
<arg>alias=google</arg>
<arg>chrome_options=${chrome_options}</arg>
</arguments>
<msg timestamp="20260308 19:30:28.664" level="INFO">Creating an instance of the Chrome WebDriver.</msg>
<status status="PASS" starttime="20260308 19:30:28.664" endtime="20260308 19:30:35.067"></status>
</kw>
<status status="PASS" starttime="20260308 19:30:28.663" endtime="20260308 19:30:35.067"></status>
</kw>
<status status="PASS" starttime="20260308 19:30:28.662" endtime="20260308 19:30:35.067"></status>
</kw>
<kw name="Go To" library="SeleniumLibrary">
<doc>Navigates the current browser window to the provided ``url``.</doc>
<arguments>
<arg>${url}</arg>
</arguments>
<msg timestamp="20260308 19:30:35.068" level="INFO">Opening url 'https://www.facebook.com'</msg>
<status status="PASS" starttime="20260308 19:30:35.068" endtime="20260308 19:30:36.062"></status>
</kw>
<kw name="Set Window Size" library="SeleniumLibrary">
<doc>Sets current windows size to given ``width`` and ``height``.</doc>
<arguments>
<arg>1920</arg>
<arg>1080</arg>
</arguments>
<status status="PASS" starttime="20260308 19:30:36.063" endtime="20260308 19:30:36.251"></status>
</kw>
<status status="PASS" starttime="20260308 19:30:28.662" endtime="20260308 19:30:36.251"></status>
</kw>
<kw name="Run Keyword And Return Status" library="BuiltIn">
<doc>Runs the given keyword with given arguments and returns the status as a Boolean value.</doc>
<arguments>
<arg>Wait Until Element Is Enabled</arg>
<arg>//button[@data-testid='cookie-policy-manage-dialog-decline-button']</arg>
<arg>timeout=2s</arg>
</arguments>
<assign>
<var>${isCookiesPopup}</var>
</assign>
<kw name="Wait Until Element Is Enabled" library="SeleniumLibrary">
<doc>Waits until the element ``locator`` is enabled.</doc>
<arguments>
<arg>//button[@data-testid='cookie-policy-manage-dialog-decline-button']</arg>
<arg>timeout=2s</arg>
</arguments>
<kw name="No Operation" library="BuiltIn">
<doc>Does absolutely nothing.</doc>
<status status="PASS" starttime="20260308 19:30:38.322" endtime="20260308 19:30:38.322"></status>
</kw>
<msg timestamp="20260308 19:30:38.323" level="FAIL">Element with locator '//button[@data-testid='cookie-policy-manage-dialog-decline-button']' not found.</msg>
<status status="FAIL" starttime="20260308 19:30:36.252" endtime="20260308 19:30:38.323"></status>
</kw>
<msg timestamp="20260308 19:30:38.323" level="INFO">${isCookiesPopup} = False</msg>
<status status="PASS" starttime="20260308 19:30:36.251" endtime="20260308 19:30:38.323"></status>
</kw>
<kw name="Run Keyword Unless" library="BuiltIn">
<doc>Runs the given keyword with the given arguments if ``condition`` is false.</doc>
<arguments>
<arg>${isCookiesPopup}==${False}</arg>
<arg>Click Button</arg>
<arg>//button[@data-testid='cookie-policy-manage-dialog-decline-button']</arg>
</arguments>
<status status="PASS" starttime="20260308 19:30:38.323" endtime="20260308 19:30:38.324"></status>
</kw>
<kw name="Wait Until Element Is Visible" library="SeleniumLibrary">
<doc>Waits until the element ``locator`` is visible.</doc>
<arguments>
<arg>//ul[contains(@class, 'uiList localeSelectorList')]/li</arg>
</arguments>
<kw name="No Operation" library="BuiltIn">
<doc>Does absolutely nothing.</doc>
<status status="PASS" starttime="20260308 19:30:43.475" endtime="20260308 19:30:43.475"></status>
</kw>
<msg timestamp="20260308 19:30:43.476" level="FAIL">Element '//ul[contains(@class, 'uiList localeSelectorList')]/li' not visible after 5 seconds.</msg>
<status status="FAIL" starttime="20260308 19:30:38.324" endtime="20260308 19:30:43.476"></status>
</kw>
<tags>
<tag>Facebook</tag>
<tag>Transparency</tag>
</tags>
<status status="FAIL" starttime="20260308 19:30:28.659" endtime="20260308 19:30:43.476" critical="yes">Element '//ul[contains(@class, 'uiList localeSelectorList')]/li' not visible after 5 seconds.</status>
</test>
<status status="FAIL" starttime="20260308 19:30:28.110" endtime="20260308 19:30:43.477"></status>
</suite>
<status status="FAIL" starttime="20260308 19:30:28.109" endtime="20260308 19:30:43.478"></status>
</suite>
<suite id="s1-s2" name="EmployedApiTests" source="/home/runner/work/Automation-Demo/Automation-Demo/Tests/EmployedApiTests">
<suite id="s1-s2-s1" name="RestAPITests" source="/home/runner/work/Automation-Demo/Automation-Demo/Tests/EmployedApiTests/RestAPITests.robot">
<test id="s1-s2-s1-t1" name="GET an existing user, notice how the schema gets more accurate">
<kw name="GET" library="REST">
<tags>
<tag>http</tag>
</tags>
<doc>*Sends a GET request to the endpoint.*</doc>
<arguments>
<arg>/users/1</arg>
</arguments>
<status status="PASS" starttime="20260308 19:30:43.486" endtime="20260308 19:30:43.631"></status>
</kw>
<kw name="Output Schema" library="REST">
<tags>
<tag>I/O</tag>
</tags>
<doc>*Outputs JSON Schema to terminal or a file.*</doc>
<arguments>
<arg>response body</arg>
</arguments>
<msg timestamp="20260308 19:30:43.632" level="INFO">
{
    "type": "object",
    "properties": {
        "id": {
            "type": "integer",
            "default": 1
        },
        "name": {
            "type": "string",
            "default": "Leanne Graham"
        },
        "username": {
            "type": "string",
            "default": "Bret"
        },
        "email": {
            "type": "string",
            "default": "Sincere@april.biz"
        },
        "address": {
            "type": "object",
            "properties": {
                "street": {
                    "type": "string",
                    "default": "Kulas Light"
                },
                "suite": {
                    "type": "string",
                    "default": "Apt. 556"
                },
                "city": {
                    "type": "string",
                    "default": "Gwenborough"
                },
                "zipcode": {
                    "type": "string",
                    "default": "92998-3874"
                },
                "geo": {
                    "type": "object",
                    "properties": {
                        "lat": {
                            "type": "string",
                            "default": "-37.3159"
                        },
                        "lng": {
                            "type": "string",
                            "default": "81.1496"
                        }
                    },
                    "required": [
                        "lat",
                        "lng"
                    ]
                }
            },
            "required": [
                "city",
                "geo",
                "street",
                "suite",
                "zipcode"
            ]
        },
        "phone": {
            "type": "string",
            "default": "1-770-736-8031 x56442"
        },
        "website": {
            "type": "string",
            "default": "hildegard.org"
        },
        "company": {
            "type": "object",
            "properties": {
                "name": {
                    "type": "string",
                    "default": "Romaguera-Crona"
                },
                "catchPhrase": {
                    "type": "string",
                    "default": "Multi-layered client-server neural-net"
                },
                "bs": {
                    "type": "string",
                    "default": "harness real-time e-markets"
                }
            },
            "required": [
                "bs",
                "catchPhrase",
                "name"
            ]
        }
    },
    "required": [
        "address",
        "company",
        "email",
        "id",
        "name",
        "phone",
        "username",
        "website"
    ]
}</msg>
<status status="PASS" starttime="20260308 19:30:43.631" endtime="20260308 19:30:43.637"></status>
</kw>
<kw name="Object" library="REST">
<tags>
<tag>assertions</tag>
</tags>
<doc>*Asserts the field as JSON object.*</doc>
<arguments>
<arg>response body</arg>
</arguments>
<status status="PASS" starttime="20260308 19:30:43.638" endtime="20260308 19:30:43.645"></status>
</kw>
<kw name="Integer" library="REST">
<tags>
<tag>assertions</tag>
</tags>
<doc>*Asserts the field as JSON integer.*</doc>
<arguments>
<arg>response body id</arg>
<arg>1</arg>
</arguments>
<status status="PASS" starttime="20260308 19:30:43.645" endtime="20260308 19:30:43.646"></status>
</kw>
<kw name="String" library="REST">
<tags>
<tag>assertions</tag>
</tags>
<doc>*Asserts the field as JSON string.*</doc>
<arguments>
<arg>response body name</arg>
<arg>Leanne Graham</arg>
</arguments>
<status status="PASS" starttime="20260308 19:30:43.646" endtime="20260308 19:30:43.646"></status>
</kw>
<kw name="String" library="REST">
<tags>
<tag>assertions</tag>
</tags>
<doc>*Asserts the field as JSON string.*</doc>
<arguments>
<arg>response body name</arg>
<arg>Bret</arg>
</arguments>
<status status="PASS" starttime="20260308 19:30:43.647" endtime="20260308 19:30:43.647"></status>
</kw>
<kw name="Output Schema" library="REST" type="teardown">
<tags>
<tag>I/O</tag>
</tags>
<doc>*Outputs JSON Schema to terminal or a file.*</doc>
<msg timestamp="20260308 19:30:43.648" level="INFO">
{
    "$schema": "http://json-schema.org/draft-07/schema#",
    "title": "GET https://jsonplaceholder.typicode.com/users/1",
    "description": "Tests.EmployedApiTests.RestAPITests: GET an existing user, notice how the schema gets more accurate",
    "default": true,
    "examples": [],
    "type": "object",
    "properties": {
        "request": {
            "type": "object",
            "properties": {
                "body": {
                    "type": "null"
                },
                "query": {
                    "type": "object"
                }
            }
        },
        "response": {
            "type": "object",
            "properties": {
                "body": {
                    "type": "object",
                    "properties": {
                        "id": {
                            "type": "integer",
                            "default": 1,
                            "enum": [
                                1
                            ]
                        },
                        "name": {
                            "type": "string",
                            "default": "Leanne Graham",
                            "enum": [
                                "Leanne Graham",
                                "Bret"
                            ]
                        },
                        "username": {
                            "type": "string",
                            "default": "Bret"
                        },
                        "email": {
                            "type": "string",
                            "default": "Sincere@april.biz"
                        },
                        "address": {
                            "type": "object",
                            "properties": {
                                "street": {
                                    "type": "string",
                                    "default": "Kulas Light"
                                },
                                "suite": {
                                    "type": "string",
                                    "default": "Apt. 556"
                                },
                                "city": {
                                    "type": "string",
                                    "default": "Gwenborough"
                                },
                                "zipcode": {
                                    "type": "string",
                                    "default": "92998-3874"
                                },
                                "geo": {
                                    "type": "object",
                                    "properties": {
                                        "lat": {
                                            "type": "string",
                                            "default": "-37.3159"
                                        },
                                        "lng": {
                                            "type": "string",
                                            "default": "81.1496"
                                        }
                                    },
                                    "required": [
                                        "lat",
                                        "lng"
                                    ]
                                }
                            },
                            "required": [
                                "city",
                                "geo",
                                "street",
                                "suite",
                                "zipcode"
                            ]
                        },
                        "phone": {
                            "type": "string",
                            "default": "1-770-736-8031 x56442"
                        },
                        "website": {
                            "type": "string",
                            "default": "hildegard.org"
                        },
                        "company": {
                            "type": "object",
                            "properties": {
                                "name": {
                                    "type": "string",
                                    "default": "Romaguera-Crona"
                                },
                                "catchPhrase": {
                                    "type": "string",
                                    "default": "Multi-layered client-server neural-net"
                                },
                                "bs": {
                                    "type": "string",
                                    "default": "harness real-time e-markets"
                                }
                            },
                            "required": [
                                "bs",
                                "catchPhrase",
                                "name"
                            ]
                        }
                    },
                    "required": [
                        "address",
                        "company",
                        "email",
                        "id",
                        "name",
                        "phone",
                        "username",
                        "website"
                    ],
                    "examples": [
                        {
                            "id": 1,
                            "name": "Leanne Graham",
                            "username": "Bret",
                            "email": "Sincere@april.biz",
                            "address": {
                                "street": "Kulas Light",
                                "suite": "Apt. 556",
                                "city": "Gwenborough",
                                "zipcode": "92998-3874",
                                "geo": {
                                    "lat": "-37.3159",
                                    "lng": "81.1496"
                                }
                            },
                            "phone": "1-770-736-8031 x56442",
                            "website": "hildegard.org",
                            "company": {
                                "name": "Romaguera-Crona",
                                "catchPhrase": "Multi-layered client-server neural-net",
                                "bs": "harness real-time e-markets"
                            }
                        }
                    ]
                }
            }
        }
    }
}</msg>
<status status="PASS" starttime="20260308 19:30:43.647" endtime="20260308 19:30:43.649"></status>
</kw>
<tags>
<tag>Employed</tag>
<tag>Transparency</tag>
</tags>
<status status="PASS" starttime="20260308 19:30:43.486" endtime="20260308 19:30:43.649" critical="yes"></status>
</test>
<doc>Test data can be read from variables and files.
Both JSON and Python type systems are supported for inputs.
Every request creates a so-called instance. Can be `Output`.
Most keywords are effective only for the last instance.
Initial schemas are autogenerated for request and response.
You can make them more detailed by using assertion keywords.
The assertion keywords correspond to the JSON types.
They take in either path to the property or a JSONPath query.
Using (enum) values in tests optional. Only type is required.
All the JSON Schema validation keywords are also supported.
Thus, there is no need to write any own validation logic.
Not a long path from schemas to full Swagger/OpenAPI specs.
The persistence of the created instances is the test suite.
Use keyword `Rest instances` to output the created instances.</doc>
<status status="PASS" starttime="20260308 19:30:43.480" endtime="20260308 19:30:43.650"></status>
</suite>
<status status="PASS" starttime="20260308 19:30:43.479" endtime="20260308 19:30:43.651"></status>
</suite>
<status status="FAIL" starttime="20260308 19:30:28.094" endtime="20260308 19:30:43.652"></status>
</suite>
<statistics>
<total>
<stat pass="2" fail="1">Critical Tests</stat>
<stat pass="2" fail="1">All Tests</stat>
</total>
<tag>
<stat pass="1" fail="0">Employed</stat>
<stat pass="0" fail="1">Facebook</stat>
<stat pass="1" fail="0">JMap</stat>
<stat pass="2" fail="1">Transparency</stat>
</tag>
<suite>
<stat pass="2" fail="1" id="s1" name="Tests">Tests</stat>
<stat pass="1" fail="1" id="s1-s1" name="DemoTests">Tests.DemoTests</stat>
<stat pass="1" fail="1" id="s1-s1-s1" name="AdminDemo">Tests.DemoTests.AdminDemo</stat>
<stat pass="1" fail="0" id="s1-s2" name="EmployedApiTests">Tests.EmployedApiTests</stat>
<stat pass="1" fail="0" id="s1-s2-s1" name="RestAPITests">Tests.EmployedApiTests.RestAPITests</stat>
</suite>
</statistics>
<errors>
</errors>
</robot>
