<?xml version="1.0" encoding="UTF-8"?>
<robot generator="Robot 3.2.2 (Python 3.12.1 on linux)" generated="20260308 20:05:27.882" rpa="false">
<suite id="s1" name="Tests" source="/home/runner/work/Automation-Demo/Automation-Demo/Tests">
<suite id="s1-s1" name="DemoTests" source="/home/runner/work/Automation-Demo/Automation-Demo/Tests/DemoTests">
<suite id="s1-s1-s1" name="AdminDemo" source="/home/runner/work/Automation-Demo/Automation-Demo/Tests/DemoTests/AdminDemo.robot">
<kw name="Log" library="BuiltIn" type="setup">
<doc>Logs the given message with the given level.</doc>
<arguments>
<arg>---&gt; Suite Setup: AdminDemo.robot</arg>
<arg>console=yes</arg>
</arguments>
<msg timestamp="20260308 20:05:28.466" level="INFO">---&gt; Suite Setup: AdminDemo.robot</msg>
<status status="PASS" starttime="20260308 20:05:28.466" endtime="20260308 20:05:28.466"></status>
</kw>
<test id="s1-s1-s1-t1" name="Test Github actions">
<kw name="Log" library="BuiltIn" type="setup">
<doc>Logs the given message with the given level.</doc>
<arguments>
<arg>---&gt; Test Setup: AdminDemo.robot</arg>
<arg>console=yes</arg>
</arguments>
<msg timestamp="20260308 20:05:28.467" level="INFO">---&gt; Test Setup: AdminDemo.robot</msg>
<status status="PASS" starttime="20260308 20:05:28.467" endtime="20260308 20:05:28.467"></status>
</kw>
<kw name="Log" library="BuiltIn">
<doc>Logs the given message with the given level.</doc>
<arguments>
<arg>\n-----&gt; Actual ENV: ${ENV}</arg>
<arg>console=yes</arg>
</arguments>
<msg timestamp="20260308 20:05:28.467" level="INFO">
-----&gt; Actual ENV: ti</msg>
<status status="PASS" starttime="20260308 20:05:28.467" endtime="20260308 20:05:28.467"></status>
</kw>
<kw name="Log" library="BuiltIn">
<doc>Logs the given message with the given level.</doc>
<arguments>
<arg>-----&gt; Actual LANG: ${LANG}</arg>
<arg>console=yes</arg>
</arguments>
<msg timestamp="20260308 20:05:28.468" level="INFO">-----&gt; Actual LANG: fr</msg>
<status status="PASS" starttime="20260308 20:05:28.468" endtime="20260308 20:05:28.468"></status>
</kw>
<kw name="Log" library="BuiltIn">
<doc>Logs the given message with the given level.</doc>
<arguments>
<arg>-----&gt; Actual BROWSER: ${BROWSER}</arg>
<arg>console=yes</arg>
</arguments>
<msg timestamp="20260308 20:05:28.468" level="INFO">-----&gt; Actual BROWSER: Chrome</msg>
<status status="PASS" starttime="20260308 20:05:28.468" endtime="20260308 20:05:28.468"></status>
</kw>
<kw name="Log" library="BuiltIn">
<doc>Logs the given message with the given level.</doc>
<arguments>
<arg>-----&gt; Actual TE: ${NEW_TE}</arg>
<arg>console=yes</arg>
</arguments>
<msg timestamp="20260308 20:05:28.468" level="INFO">-----&gt; Actual TE: </msg>
<status status="PASS" starttime="20260308 20:05:28.468" endtime="20260308 20:05:28.468"></status>
</kw>
<kw name="Log" library="BuiltIn">
<doc>Logs the given message with the given level.</doc>
<arguments>
<arg>-----&gt; USE JIRA: ${USE_JIRA}</arg>
<arg>console=yes</arg>
</arguments>
<msg timestamp="20260308 20:05:28.469" level="INFO">-----&gt; USE JIRA: false</msg>
<status status="PASS" starttime="20260308 20:05:28.469" endtime="20260308 20:05:28.469"></status>
</kw>
<kw name="Log" library="BuiltIn">
<doc>Logs the given message with the given level.</doc>
<arguments>
<arg>-----&gt; JIRA TOKEN: ${JIRA_TOKEN}</arg>
<arg>console=yes</arg>
</arguments>
<msg timestamp="20260308 20:05:28.469" level="INFO">-----&gt; JIRA TOKEN: DF65778SDV989FVNC1-KDF</msg>
<status status="PASS" starttime="20260308 20:05:28.469" endtime="20260308 20:05:28.469"></status>
</kw>
<kw name="Create Dictionary" library="BuiltIn">
<doc>Creates and returns a dictionary based on the given ``items``.</doc>
<arguments>
<arg>Authorization=Bearer ${JIRA_TOKEN}</arg>
</arguments>
<assign>
<var>${header}</var>
</assign>
<msg timestamp="20260308 20:05:28.470" level="INFO">${header} = {'Authorization': 'Bearer DF65778SDV989FVNC1-KDF'}</msg>
<status status="PASS" starttime="20260308 20:05:28.469" endtime="20260308 20:05:28.470"></status>
</kw>
<kw name="Log" library="BuiltIn" type="teardown">
<doc>Logs the given message with the given level.</doc>
<arguments>
<arg>---&gt; Test Teardown: AdminDemo.robot</arg>
<arg>console=yes</arg>
</arguments>
<msg timestamp="20260308 20:05:28.470" level="INFO">---&gt; Test Teardown: AdminDemo.robot</msg>
<status status="PASS" starttime="20260308 20:05:28.470" endtime="20260308 20:05:28.470"></status>
</kw>
<tags>
<tag>JMap</tag>
<tag>Transparency</tag>
</tags>
<status status="PASS" starttime="20260308 20:05:28.466" endtime="20260308 20:05:28.470" critical="yes"></status>
</test>
<test id="s1-s1-s1-t2" name="Open Facbook Test">
<kw name="Log" library="BuiltIn" type="setup">
<doc>Logs the given message with the given level.</doc>
<arguments>
<arg>---&gt; Test Setup: AdminDemo.robot</arg>
<arg>console=yes</arg>
</arguments>
<msg timestamp="20260308 20:05:28.471" level="INFO">---&gt; Test Setup: AdminDemo.robot</msg>
<status status="PASS" starttime="20260308 20:05:28.471" endtime="20260308 20:05:28.471"></status>
</kw>
<kw name="Log" library="BuiltIn">
<doc>Logs the given message with the given level.</doc>
<arguments>
<arg>\n-----&gt; Open Facebook:</arg>
<arg>console=yes</arg>
</arguments>
<msg timestamp="20260308 20:05:28.471" level="INFO">
-----&gt; Open Facebook:</msg>
<status status="PASS" starttime="20260308 20:05:28.471" endtime="20260308 20:05:28.471"></status>
</kw>
<kw name="Log" library="BuiltIn">
<doc>Logs the given message with the given level.</doc>
<arguments>
<arg>-----&gt; Actual ENV: ${ENV}</arg>
<arg>console=yes</arg>
</arguments>
<msg timestamp="20260308 20:05:28.472" level="INFO">-----&gt; Actual ENV: ti</msg>
<status status="PASS" starttime="20260308 20:05:28.471" endtime="20260308 20:05:28.472"></status>
</kw>
<kw name="Log" library="BuiltIn">
<doc>Logs the given message with the given level.</doc>
<arguments>
<arg>-----&gt; Actual LANG: ${LANG}</arg>
<arg>console=yes</arg>
</arguments>
<msg timestamp="20260308 20:05:28.472" level="INFO">-----&gt; Actual LANG: fr</msg>
<status status="PASS" starttime="20260308 20:05:28.472" endtime="20260308 20:05:28.472"></status>
</kw>
<kw name="Log" library="BuiltIn">
<doc>Logs the given message with the given level.</doc>
<arguments>
<arg>-----&gt; Actual BROWSER: ${BROWSER}</arg>
<arg>console=yes</arg>
</arguments>
<msg timestamp="20260308 20:05:28.472" level="INFO">-----&gt; Actual BROWSER: Chrome</msg>
<status status="PASS" starttime="20260308 20:05:28.472" endtime="20260308 20:05:28.472"></status>
</kw>
<kw name="Log" library="BuiltIn">
<doc>Logs the given message with the given level.</doc>
<arguments>
<arg>-----&gt; Actual TE: ${NEW_TE}</arg>
<arg>console=yes</arg>
</arguments>
<msg timestamp="20260308 20:05:28.472" level="INFO">-----&gt; Actual TE: </msg>
<status status="PASS" starttime="20260308 20:05:28.472" endtime="20260308 20:05:28.472"></status>
</kw>
<kw name="Log" library="BuiltIn">
<doc>Logs the given message with the given level.</doc>
<arguments>
<arg>-----&gt; USE JIRA: ${USE_JIRA}</arg>
<arg>console=yes</arg>
</arguments>
<msg timestamp="20260308 20:05:28.473" level="INFO">-----&gt; USE JIRA: false</msg>
<status status="PASS" starttime="20260308 20:05:28.472" endtime="20260308 20:05:28.473"></status>
</kw>
<kw name="Create Dictionary" library="BuiltIn">
<doc>Creates and returns a dictionary based on the given ``items``.</doc>
<arguments>
<arg>en=Create new account</arg>
<arg>fr=Créer nouveau compte</arg>
</arguments>
<assign>
<var>&amp;{createNewAccountBtn}</var>
</assign>
<msg timestamp="20260308 20:05:28.473" level="INFO">&amp;{createNewAccountBtn} = { en=Create new account | fr=Créer nouveau compte }</msg>
<status status="PASS" starttime="20260308 20:05:28.473" endtime="20260308 20:05:28.473"></status>
</kw>
<kw name="Create Dictionary" library="BuiltIn">
<doc>Creates and returns a dictionary based on the given ``items``.</doc>
<arguments>
<arg>en=Sign Up</arg>
<arg>fr=S’inscrire</arg>
</arguments>
<assign>
<var>&amp;{signUpBtn}</var>
</assign>
<msg timestamp="20260308 20:05:28.473" level="INFO">&amp;{signUpBtn} = { en=Sign Up | fr=S’inscrire }</msg>
<status status="PASS" starttime="20260308 20:05:28.473" endtime="20260308 20:05:28.473"></status>
</kw>
<kw name="Open Url">
<arguments>
<arg>https://www.facebook.com</arg>
</arguments>
<kw name="Run Keyword If" library="BuiltIn">
<doc>Runs the given keyword with the given arguments, if ``condition`` is true.</doc>
<arguments>
<arg>'${BROWSER}'=='Chrome'</arg>
<arg>Open Chrome</arg>
</arguments>
<kw name="Open Chrome">
<kw name="Evaluate" library="BuiltIn">
<doc>Evaluates the given expression in Python and returns the result.</doc>
<arguments>
<arg>selenium.webdriver.ChromeOptions()</arg>
<arg>modules=selenium, selenium.webdriver</arg>
</arguments>
<assign>
<var>${chrome options}</var>
</assign>
<msg timestamp="20260308 20:05:28.474" level="INFO">${chrome options} = &lt;selenium.webdriver.chrome.options.Options object at 0x7fd8a85282f0&gt;</msg>
<status status="PASS" starttime="20260308 20:05:28.474" endtime="20260308 20:05:28.474"></status>
</kw>
<kw name="Run Keyword If" library="BuiltIn">
<doc>Runs the given keyword with the given arguments, if ``condition`` is true.</doc>
<arguments>
<arg>${USE_BROWSER}==${False}</arg>
<arg>Call Method</arg>
<arg>${chrome_options}</arg>
<arg>add_argument</arg>
<arg>headless</arg>
</arguments>
<kw name="Call Method" library="BuiltIn">
<doc>Calls the named method of the given object with the provided arguments.</doc>
<arguments>
<arg>${chrome_options}</arg>
<arg>add_argument</arg>
<arg>headless</arg>
</arguments>
<status status="PASS" starttime="20260308 20:05:28.474" endtime="20260308 20:05:28.475"></status>
</kw>
<status status="PASS" starttime="20260308 20:05:28.474" endtime="20260308 20:05:28.475"></status>
</kw>
<kw name="Call Method" library="BuiltIn">
<doc>Calls the named method of the given object with the provided arguments.</doc>
<arguments>
<arg>${chrome_options}</arg>
<arg>add_argument</arg>
<arg>--no-sandbox</arg>
</arguments>
<status status="PASS" starttime="20260308 20:05:28.475" endtime="20260308 20:05:28.475"></status>
</kw>
<kw name="Call Method" library="BuiltIn">
<doc>Calls the named method of the given object with the provided arguments.</doc>
<arguments>
<arg>${chrome_options}</arg>
<arg>add_argument</arg>
<arg>disable-gpu</arg>
</arguments>
<status status="PASS" starttime="20260308 20:05:28.475" endtime="20260308 20:05:28.475"></status>
</kw>
<kw name="Call Method" library="BuiltIn">
<doc>Calls the named method of the given object with the provided arguments.</doc>
<arguments>
<arg>${chrome_options}</arg>
<arg>add_argument</arg>
<arg>--ignore-certificate-errors</arg>
</arguments>
<status status="PASS" starttime="20260308 20:05:28.475" endtime="20260308 20:05:28.475"></status>
</kw>
<kw name="Call Method" library="BuiltIn">
<doc>Calls the named method of the given object with the provided arguments.</doc>
<arguments>
<arg>${chrome_options}</arg>
<arg>to_capabilities</arg>
</arguments>
<assign>
<var>${var}</var>
</assign>
<msg timestamp="20260308 20:05:28.475" level="INFO">${var} = {'browserName': 'chrome', 'pageLoadStrategy': 'normal', 'goog:chromeOptions': {'extensions': [], 'args': ['headless', '--no-sandbox', 'disable-gpu', '--ignore-certificate-errors']}}</msg>
<status status="PASS" starttime="20260308 20:05:28.475" endtime="20260308 20:05:28.475"></status>
</kw>
<kw name="Create Webdriver" library="SeleniumLibrary">
<doc>Creates an instance of Selenium WebDriver.</doc>
<arguments>
<arg>driver_name=Chrome</arg>
<arg>alias=google</arg>
<arg>chrome_options=${chrome_options}</arg>
</arguments>
<msg timestamp="20260308 20:05:28.476" level="INFO">Creating an instance of the Chrome WebDriver.</msg>
<status status="PASS" starttime="20260308 20:05:28.475" endtime="20260308 20:05:30.784"></status>
</kw>
<status status="PASS" starttime="20260308 20:05:28.474" endtime="20260308 20:05:30.784"></status>
</kw>
<status status="PASS" starttime="20260308 20:05:28.474" endtime="20260308 20:05:30.784"></status>
</kw>
<kw name="Go To" library="SeleniumLibrary">
<doc>Navigates the current browser window to the provided ``url``.</doc>
<arguments>
<arg>${url}</arg>
</arguments>
<msg timestamp="20260308 20:05:30.784" level="INFO">Opening url 'https://www.facebook.com'</msg>
<status status="PASS" starttime="20260308 20:05:30.784" endtime="20260308 20:05:31.775"></status>
</kw>
<kw name="Set Window Size" library="SeleniumLibrary">
<doc>Sets current windows size to given ``width`` and ``height``.</doc>
<arguments>
<arg>1920</arg>
<arg>1080</arg>
</arguments>
<status status="PASS" starttime="20260308 20:05:31.775" endtime="20260308 20:05:31.819"></status>
</kw>
<status status="PASS" starttime="20260308 20:05:28.473" endtime="20260308 20:05:31.819"></status>
</kw>
<kw name="Run Keyword And Return Status" library="BuiltIn">
<doc>Runs the given keyword with given arguments and returns the status as a Boolean value.</doc>
<arguments>
<arg>Wait Until Element Is Enabled</arg>
<arg>//button[@data-testid='cookie-policy-manage-dialog-decline-button']</arg>
<arg>timeout=2s</arg>
</arguments>
<assign>
<var>${isCookiesPopup}</var>
</assign>
<kw name="Wait Until Element Is Enabled" library="SeleniumLibrary">
<doc>Waits until the element ``locator`` is enabled.</doc>
<arguments>
<arg>//button[@data-testid='cookie-policy-manage-dialog-decline-button']</arg>
<arg>timeout=2s</arg>
</arguments>
<kw name="No Operation" library="BuiltIn">
<doc>Does absolutely nothing.</doc>
<status status="PASS" starttime="20260308 20:05:33.889" endtime="20260308 20:05:33.890"></status>
</kw>
<msg timestamp="20260308 20:05:33.891" level="FAIL">Element with locator '//button[@data-testid='cookie-policy-manage-dialog-decline-button']' not found.</msg>
<status status="FAIL" starttime="20260308 20:05:31.820" endtime="20260308 20:05:33.891"></status>
</kw>
<msg timestamp="20260308 20:05:33.891" level="INFO">${isCookiesPopup} = False</msg>
<status status="PASS" starttime="20260308 20:05:31.819" endtime="20260308 20:05:33.891"></status>
</kw>
<kw name="Run Keyword Unless" library="BuiltIn">
<doc>Runs the given keyword with the given arguments if ``condition`` is false.</doc>
<arguments>
<arg>${isCookiesPopup}==${False}</arg>
<arg>Click Button</arg>
<arg>//button[@data-testid='cookie-policy-manage-dialog-decline-button']</arg>
</arguments>
<status status="PASS" starttime="20260308 20:05:33.891" endtime="20260308 20:05:33.891"></status>
</kw>
<kw name="Wait Until Element Is Visible" library="SeleniumLibrary">
<doc>Waits until the element ``locator`` is visible.</doc>
<arguments>
<arg>//ul[contains(@class, 'uiList localeSelectorList')]/li</arg>
</arguments>
<status status="PASS" starttime="20260308 20:05:33.891" endtime="20260308 20:05:33.914"></status>
</kw>
<kw name="Get Text" library="SeleniumLibrary">
<doc>Returns the text value of the element identified by ``locator``.</doc>
<arguments>
<arg>//ul[contains(@class, 'uiList localeSelectorList')]/li[1]</arg>
</arguments>
<assign>
<var>${curSelectedLang}</var>
</assign>
<msg timestamp="20260308 20:05:33.932" level="INFO">${curSelectedLang} = English (US)</msg>
<status status="PASS" starttime="20260308 20:05:33.915" endtime="20260308 20:05:33.932"></status>
</kw>
<kw name="Run Keyword If" library="BuiltIn">
<doc>Runs the given keyword with the given arguments, if ``condition`` is true.</doc>
<arguments>
<arg>"${LANG}"=="fr" and "${curSelectedLang}"!="Français (France)"</arg>
<arg>Click Element</arg>
<arg>//a[contains(text(),"Français")]</arg>
<arg>ELSE IF</arg>
<arg>"${LANG}"=="en" and "${curSelectedLang}"!="English (US)"</arg>
<arg>Click Element</arg>
<arg>//a[contains(text(),"English")]</arg>
</arguments>
<kw name="Click Element" library="SeleniumLibrary">
<doc>Click the element identified by ``locator``.</doc>
<arguments>
<arg>//a[contains(text(),"Français")]</arg>
</arguments>
<msg timestamp="20260308 20:05:33.933" level="INFO">Clicking element '//a[contains(text(),"Français")]'.</msg>
<status status="PASS" starttime="20260308 20:05:33.933" endtime="20260308 20:05:34.469"></status>
</kw>
<status status="PASS" starttime="20260308 20:05:33.933" endtime="20260308 20:05:34.469"></status>
</kw>
<kw name="Run Keyword And Return Status" library="BuiltIn">
<doc>Runs the given keyword with given arguments and returns the status as a Boolean value.</doc>
<arguments>
<arg>Wait Until Element Is Enabled</arg>
<arg>//button[@data-testid='cookie-policy-manage-dialog-decline-button']</arg>
<arg>timeout=2s</arg>
</arguments>
<assign>
<var>${isCookiesPopup}</var>
</assign>
<kw name="Wait Until Element Is Enabled" library="SeleniumLibrary">
<doc>Waits until the element ``locator`` is enabled.</doc>
<arguments>
<arg>//button[@data-testid='cookie-policy-manage-dialog-decline-button']</arg>
<arg>timeout=2s</arg>
</arguments>
<kw name="No Operation" library="BuiltIn">
<doc>Does absolutely nothing.</doc>
<status status="PASS" starttime="20260308 20:05:36.537" endtime="20260308 20:05:36.537"></status>
</kw>
<msg timestamp="20260308 20:05:36.538" level="FAIL">Element with locator '//button[@data-testid='cookie-policy-manage-dialog-decline-button']' not found.</msg>
<status status="FAIL" starttime="20260308 20:05:34.469" endtime="20260308 20:05:36.538"></status>
</kw>
<msg timestamp="20260308 20:05:36.538" level="INFO">${isCookiesPopup} = False</msg>
<status status="PASS" starttime="20260308 20:05:34.469" endtime="20260308 20:05:36.538"></status>
</kw>
<kw name="Run Keyword Unless" library="BuiltIn">
<doc>Runs the given keyword with the given arguments if ``condition`` is false.</doc>
<arguments>
<arg>${isCookiesPopup}==${False}</arg>
<arg>Click Button</arg>
<arg>//button[@data-testid='cookie-policy-manage-dialog-decline-button']</arg>
</arguments>
<status status="PASS" starttime="20260308 20:05:36.538" endtime="20260308 20:05:36.538"></status>
</kw>
<kw name="Log" library="BuiltIn">
<doc>Logs the given message with the given level.</doc>
<arguments>
<arg>\n****** Verifying Buttons contents in "${LANG}" ******</arg>
<arg>console=yes</arg>
</arguments>
<msg timestamp="20260308 20:05:36.538" level="INFO">
****** Verifying Buttons contents in "fr" ******</msg>
<status status="PASS" starttime="20260308 20:05:36.538" endtime="20260308 20:05:36.538"></status>
</kw>
<kw name="Wait Until Element Is Visible" library="SeleniumLibrary">
<doc>Waits until the element ``locator`` is visible.</doc>
<arguments>
<arg>//a[@data-testid='open-registration-form-button']</arg>
<arg>timeout=30s</arg>
</arguments>
<status status="PASS" starttime="20260308 20:05:36.539" endtime="20260308 20:05:36.557"></status>
</kw>
<kw name="Get Text" library="SeleniumLibrary">
<doc>Returns the text value of the element identified by ``locator``.</doc>
<arguments>
<arg>//a[@data-testid='open-registration-form-button']</arg>
</arguments>
<assign>
<var>${registrationBtn}</var>
</assign>
<msg timestamp="20260308 20:05:36.571" level="INFO">${registrationBtn} = Créer un nouveau compte</msg>
<status status="PASS" starttime="20260308 20:05:36.557" endtime="20260308 20:05:36.571"></status>
</kw>
<kw name="Log" library="BuiltIn">
<doc>Logs the given message with the given level.</doc>
<arguments>
<arg>-----&gt; ${registrationBtn}</arg>
<arg>console=yes</arg>
</arguments>
<msg timestamp="20260308 20:05:36.572" level="INFO">-----&gt; Créer un nouveau compte</msg>
<status status="PASS" starttime="20260308 20:05:36.572" endtime="20260308 20:05:36.572"></status>
</kw>
<kw name="Run Keyword And Continue On Failure" library="BuiltIn">
<doc>Runs the keyword and continues execution even if a failure occurs.</doc>
<arguments>
<arg>Should Be Equal As Strings</arg>
<arg>${registrationBtn}</arg>
<arg>${createNewAccountBtn['${LANG}']}</arg>
</arguments>
<kw name="Should Be Equal As Strings" library="BuiltIn">
<doc>Fails if objects are unequal after converting them to strings.</doc>
<arguments>
<arg>${registrationBtn}</arg>
<arg>${createNewAccountBtn['${LANG}']}</arg>
</arguments>
<msg timestamp="20260308 20:05:36.572" level="FAIL">Créer un nouveau compte != Créer nouveau compte</msg>
<status status="FAIL" starttime="20260308 20:05:36.572" endtime="20260308 20:05:36.572"></status>
</kw>
<status status="FAIL" starttime="20260308 20:05:36.572" endtime="20260308 20:05:36.572"></status>
</kw>
<kw name="Click Element" library="SeleniumLibrary">
<doc>Click the element identified by ``locator``.</doc>
<arguments>
<arg>//a[@data-testid='open-registration-form-button']</arg>
</arguments>
<msg timestamp="20260308 20:05:36.573" level="INFO">Clicking element '//a[@data-testid='open-registration-form-button']'.</msg>
<status status="PASS" starttime="20260308 20:05:36.572" endtime="20260308 20:05:37.346"></status>
</kw>
<kw name="Wait Until Element Is Enabled" library="SeleniumLibrary">
<doc>Waits until the element ``locator`` is enabled.</doc>
<arguments>
<arg>//input[@name='firstname']</arg>
</arguments>
<status status="PASS" starttime="20260308 20:05:37.347" endtime="20260308 20:05:37.386"></status>
</kw>
<kw name="Wait Until Element Is Enabled" library="SeleniumLibrary">
<doc>Waits until the element ``locator`` is enabled.</doc>
<arguments>
<arg>//input[@name='lastname']</arg>
</arguments>
<status status="PASS" starttime="20260308 20:05:37.386" endtime="20260308 20:05:37.408"></status>
</kw>
<kw name="Input Text" library="SeleniumLibrary">
<doc>Types the given ``text`` into the text field identified by ``locator``.</doc>
<arguments>
<arg>//input[@name='firstname']</arg>
<arg>Hassen</arg>
</arguments>
<msg timestamp="20260308 20:05:37.409" level="INFO">Typing text 'Hassen' into text field '//input[@name='firstname']'.</msg>
<status status="PASS" starttime="20260308 20:05:37.408" endtime="20260308 20:05:37.621"></status>
</kw>
<kw name="Input Text" library="SeleniumLibrary">
<doc>Types the given ``text`` into the text field identified by ``locator``.</doc>
<arguments>
<arg>//input[@name='lastname']</arg>
<arg>Smoklou</arg>
</arguments>
<msg timestamp="20260308 20:05:37.622" level="INFO">Typing text 'Smoklou' into text field '//input[@name='lastname']'.</msg>
<status status="PASS" starttime="20260308 20:05:37.621" endtime="20260308 20:05:37.710"></status>
</kw>
<kw name="Click Button" library="SeleniumLibrary">
<doc>Clicks the button identified by ``locator``.</doc>
<arguments>
<arg>//button[@name='websubmit']</arg>
</arguments>
<msg timestamp="20260308 20:05:37.710" level="INFO">Clicking button '//button[@name='websubmit']'.</msg>
<status status="PASS" starttime="20260308 20:05:37.710" endtime="20260308 20:05:37.962"></status>
</kw>
<kw name="Get Text" library="SeleniumLibrary">
<doc>Returns the text value of the element identified by ``locator``.</doc>
<arguments>
<arg>//button[@name='websubmit']</arg>
</arguments>
<assign>
<var>${websubmitBtn}</var>
</assign>
<msg timestamp="20260308 20:05:37.975" level="INFO">${websubmitBtn} = S’inscrire</msg>
<status status="PASS" starttime="20260308 20:05:37.962" endtime="20260308 20:05:37.975"></status>
</kw>
<kw name="Run Keyword And Continue On Failure" library="BuiltIn">
<doc>Runs the keyword and continues execution even if a failure occurs.</doc>
<arguments>
<arg>Should Be Equal As Strings</arg>
<arg>${websubmitBtn}</arg>
<arg>${signUpBtn['${LANG}']}</arg>
</arguments>
<kw name="Should Be Equal As Strings" library="BuiltIn">
<doc>Fails if objects are unequal after converting them to strings.</doc>
<arguments>
<arg>${websubmitBtn}</arg>
<arg>${signUpBtn['${LANG}']}</arg>
</arguments>
<status status="PASS" starttime="20260308 20:05:37.975" endtime="20260308 20:05:37.976"></status>
</kw>
<status status="PASS" starttime="20260308 20:05:37.975" endtime="20260308 20:05:37.976"></status>
</kw>
<kw name="Log" library="BuiltIn">
<doc>Logs the given message with the given level.</doc>
<arguments>
<arg>-----&gt; ${websubmitBtn}</arg>
<arg>console=yes</arg>
</arguments>
<msg timestamp="20260308 20:05:37.976" level="INFO">-----&gt; S’inscrire</msg>
<status status="PASS" starttime="20260308 20:05:37.976" endtime="20260308 20:05:37.976"></status>
</kw>
<kw name="Sleep" library="BuiltIn">
<doc>Pauses the test executed for the given time.</doc>
<arguments>
<arg>1s</arg>
</arguments>
<msg timestamp="20260308 20:05:38.976" level="INFO">Slept 1 second</msg>
<status status="PASS" starttime="20260308 20:05:37.976" endtime="20260308 20:05:38.977"></status>
</kw>
<kw name="Close Browser" library="SeleniumLibrary">
<doc>Closes the current browser.</doc>
<status status="PASS" starttime="20260308 20:05:38.977" endtime="20260308 20:05:39.056"></status>
</kw>
<kw name="Log" library="BuiltIn" type="teardown">
<doc>Logs the given message with the given level.</doc>
<arguments>
<arg>---&gt; Test Teardown: AdminDemo.robot</arg>
<arg>console=yes</arg>
</arguments>
<msg timestamp="20260308 20:05:39.056" level="INFO">---&gt; Test Teardown: AdminDemo.robot</msg>
<status status="PASS" starttime="20260308 20:05:39.056" endtime="20260308 20:05:39.057"></status>
</kw>
<tags>
<tag>Facebook</tag>
<tag>Transparency</tag>
</tags>
<status status="FAIL" starttime="20260308 20:05:28.470" endtime="20260308 20:05:39.057" critical="yes">Créer un nouveau compte != Créer nouveau compte</status>
</test>
<kw name="Log" library="BuiltIn" type="teardown">
<doc>Logs the given message with the given level.</doc>
<arguments>
<arg>---&gt; Suite Teardown: AdminDemo.robot</arg>
<arg>console=yes</arg>
</arguments>
<msg timestamp="20260308 20:05:39.057" level="INFO">---&gt; Suite Teardown: AdminDemo.robot</msg>
<status status="PASS" starttime="20260308 20:05:39.057" endtime="20260308 20:05:39.058"></status>
</kw>
<status status="FAIL" starttime="20260308 20:05:27.899" endtime="20260308 20:05:39.058"></status>
</suite>
<status status="FAIL" starttime="20260308 20:05:27.898" endtime="20260308 20:05:39.059"></status>
</suite>
<suite id="s1-s2" name="EmployedApiTests" source="/home/runner/work/Automation-Demo/Automation-Demo/Tests/EmployedApiTests">
<suite id="s1-s2-s1" name="RestAPITests" source="/home/runner/work/Automation-Demo/Automation-Demo/Tests/EmployedApiTests/RestAPITests.robot">
<kw name="Log" library="BuiltIn" type="setup">
<doc>Logs the given message with the given level.</doc>
<arguments>
<arg>---&gt; Suite Setup: RestAPITests.robot</arg>
<arg>console=yes</arg>
</arguments>
<msg timestamp="20260308 20:05:39.067" level="INFO">---&gt; Suite Setup: RestAPITests.robot</msg>
<status status="PASS" starttime="20260308 20:05:39.067" endtime="20260308 20:05:39.067"></status>
</kw>
<test id="s1-s2-s1-t1" name="GET an existing user, notice how the schema gets more accurate">
<kw name="Log" library="BuiltIn" type="setup">
<doc>Logs the given message with the given level.</doc>
<arguments>
<arg>---&gt; Test Setup: RestAPITests.robot</arg>
<arg>console=yes</arg>
</arguments>
<msg timestamp="20260308 20:05:39.068" level="INFO">---&gt; Test Setup: RestAPITests.robot</msg>
<status status="PASS" starttime="20260308 20:05:39.067" endtime="20260308 20:05:39.068"></status>
</kw>
<kw name="Log" library="BuiltIn">
<doc>Logs the given message with the given level.</doc>
<arguments>
<arg>-----&gt; USERS ENDPOINT: ${USERS_ENDPOINT}</arg>
<arg>console=yes</arg>
</arguments>
<msg timestamp="20260308 20:05:39.068" level="INFO">-----&gt; USERS ENDPOINT: __dummy__</msg>
<status status="PASS" starttime="20260308 20:05:39.068" endtime="20260308 20:05:39.068"></status>
</kw>
<kw name="GET" library="REST">
<tags>
<tag>http</tag>
</tags>
<doc>*Sends a GET request to the endpoint.*</doc>
<arguments>
<arg>${USERS_ENDPOINT}/1</arg>
</arguments>
<status status="PASS" starttime="20260308 20:05:39.068" endtime="20260308 20:05:39.217"></status>
</kw>
<kw name="Output Schema" library="REST">
<tags>
<tag>I/O</tag>
</tags>
<doc>*Outputs JSON Schema to terminal or a file.*</doc>
<arguments>
<arg>response body</arg>
</arguments>
<msg timestamp="20260308 20:05:39.217" level="INFO">
{
    "type": "object"
}</msg>
<status status="PASS" starttime="20260308 20:05:39.217" endtime="20260308 20:05:39.222"></status>
</kw>
<kw name="Object" library="REST">
<tags>
<tag>assertions</tag>
</tags>
<doc>*Asserts the field as JSON object.*</doc>
<arguments>
<arg>response body</arg>
</arguments>
<status status="PASS" starttime="20260308 20:05:39.222" endtime="20260308 20:05:39.222"></status>
</kw>
<kw name="Integer" library="REST">
<tags>
<tag>assertions</tag>
</tags>
<doc>*Asserts the field as JSON integer.*</doc>
<arguments>
<arg>response body id</arg>
<arg>1</arg>
</arguments>
<msg timestamp="20260308 20:05:39.223" level="INFO">

Property 'id' does not exist in:
{}</msg>
<msg timestamp="20260308 20:05:39.224" level="FAIL">
Expected property 'response body id' was not found.</msg>
<status status="FAIL" starttime="20260308 20:05:39.223" endtime="20260308 20:05:39.224"></status>
</kw>
<kw name="Output Schema" library="REST" type="teardown">
<tags>
<tag>I/O</tag>
</tags>
<doc>*Outputs JSON Schema to terminal or a file.*</doc>
<msg timestamp="20260308 20:05:39.224" level="INFO">
{
    "$schema": "http://json-schema.org/draft-07/schema#",
    "title": "GET https://jsonplaceholder.typicode.com/__dummy__/1",
    "description": "Tests.EmployedApiTests.RestAPITests: GET an existing user, notice how the schema gets more accurate",
    "default": true,
    "examples": [],
    "type": "object",
    "properties": {
        "request": {
            "type": "object",
            "properties": {
                "body": {
                    "type": "null"
                },
                "query": {
                    "type": "object"
                }
            }
        },
        "response": {
            "type": "object",
            "properties": {
                "body": {
                    "type": "object",
                    "examples": [
                        {}
                    ]
                }
            }
        }
    }
}</msg>
<status status="PASS" starttime="20260308 20:05:39.224" endtime="20260308 20:05:39.224"></status>
</kw>
<tags>
<tag>Employed</tag>
<tag>Transparency</tag>
</tags>
<status status="FAIL" starttime="20260308 20:05:39.067" endtime="20260308 20:05:39.224" critical="yes">
Expected property 'response body id' was not found.</status>
</test>
<kw name="Log" library="BuiltIn" type="teardown">
<doc>Logs the given message with the given level.</doc>
<arguments>
<arg>---&gt; Suite Teardown: RestAPITests.robot</arg>
<arg>console=yes</arg>
</arguments>
<msg timestamp="20260308 20:05:39.225" level="INFO">---&gt; Suite Teardown: RestAPITests.robot</msg>
<status status="PASS" starttime="20260308 20:05:39.225" endtime="20260308 20:05:39.225"></status>
</kw>
<doc>Test data can be read from variables and files.
Both JSON and Python type systems are supported for inputs.
Every request creates a so-called instance. Can be `Output`.
Most keywords are effective only for the last instance.
Initial schemas are autogenerated for request and response.
You can make them more detailed by using assertion keywords.
The assertion keywords correspond to the JSON types.
They take in either path to the property or a JSONPath query.
Using (enum) values in tests optional. Only type is required.
All the JSON Schema validation keywords are also supported.
Thus, there is no need to write any own validation logic.
Not a long path from schemas to full Swagger/OpenAPI specs.
The persistence of the created instances is the test suite.
Use keyword `Rest instances` to output the created instances.</doc>
<status status="FAIL" starttime="20260308 20:05:39.061" endtime="20260308 20:05:39.225"></status>
</suite>
<status status="FAIL" starttime="20260308 20:05:39.060" endtime="20260308 20:05:39.226"></status>
</suite>
<status status="FAIL" starttime="20260308 20:05:27.883" endtime="20260308 20:05:39.227"></status>
</suite>
<statistics>
<total>
<stat pass="1" fail="2">Critical Tests</stat>
<stat pass="1" fail="2">All Tests</stat>
</total>
<tag>
<stat pass="0" fail="1">Employed</stat>
<stat pass="0" fail="1">Facebook</stat>
<stat pass="1" fail="0">JMap</stat>
<stat pass="1" fail="2">Transparency</stat>
</tag>
<suite>
<stat pass="1" fail="2" id="s1" name="Tests">Tests</stat>
<stat pass="1" fail="1" id="s1-s1" name="DemoTests">Tests.DemoTests</stat>
<stat pass="1" fail="1" id="s1-s1-s1" name="AdminDemo">Tests.DemoTests.AdminDemo</stat>
<stat pass="0" fail="1" id="s1-s2" name="EmployedApiTests">Tests.EmployedApiTests</stat>
<stat pass="0" fail="1" id="s1-s2-s1" name="RestAPITests">Tests.EmployedApiTests.RestAPITests</stat>
</suite>
</statistics>
<errors>
</errors>
</robot>
